2025-11-24T22:38:52.352+0900 [DEBUG] [org.gradle.launcher.daemon.bootstrap.DaemonMain] Assuming the daemon was started with following jvm opts: [-Dfile.encoding=UTF-8, -Duser.country=US, -Duser.language=en, -Duser.variant]
2025-11-24T22:38:52.463+0900 [DEBUG] [org.gradle.internal.remote.internal.inet.InetAddresses] Adding IP addresses for network interface vmnet8
2025-11-24T22:38:52.463+0900 [DEBUG] [org.gradle.internal.remote.internal.inet.InetAddresses] Is this a loopback interface? false
2025-11-24T22:38:52.464+0900 [DEBUG] [org.gradle.internal.remote.internal.inet.InetAddresses] Adding remote address /172.16.117.1
2025-11-24T22:38:52.464+0900 [DEBUG] [org.gradle.internal.remote.internal.inet.InetAddresses] Adding IP addresses for network interface vmnet1
2025-11-24T22:38:52.464+0900 [DEBUG] [org.gradle.internal.remote.internal.inet.InetAddresses] Is this a loopback interface? false
2025-11-24T22:38:52.465+0900 [DEBUG] [org.gradle.internal.remote.internal.inet.InetAddresses] Adding remote address /172.16.189.1
2025-11-24T22:38:52.465+0900 [DEBUG] [org.gradle.internal.remote.internal.inet.InetAddresses] Adding IP addresses for network interface enp0s31f6
2025-11-24T22:38:52.465+0900 [DEBUG] [org.gradle.internal.remote.internal.inet.InetAddresses] Is this a loopback interface? false
2025-11-24T22:38:52.465+0900 [DEBUG] [org.gradle.internal.remote.internal.inet.InetAddresses] Adding remote address /175.209.193.50
2025-11-24T22:38:52.465+0900 [DEBUG] [org.gradle.internal.remote.internal.inet.InetAddresses] Adding IP addresses for network interface lo
2025-11-24T22:38:52.466+0900 [DEBUG] [org.gradle.internal.remote.internal.inet.InetAddresses] Is this a loopback interface? true
2025-11-24T22:38:52.466+0900 [DEBUG] [org.gradle.internal.remote.internal.inet.InetAddresses] Adding loopback address /127.0.0.1
2025-11-24T22:38:52.494+0900 [INFO] [org.gradle.launcher.daemon.server.Daemon] start() called on daemon - DefaultDaemonContext[uid=d4dbfbde-1899-4350-93b4-eee9104655f5,javaHome=/usr/lib/jvm/java-21-openjdk-amd64,javaVersion=21,javaVendor=Ubuntu,daemonRegistryDir=/home/migowj/git/GDSEMR_ver_0.3/.gradle-local/daemon,pid=411960,idleTimeout=120000,priority=NORMAL,applyInstrumentationAgent=true,nativeServicesMode=ENABLED,daemonOpts=-Dfile.encoding=UTF-8,-Duser.country=US,-Duser.language=en,-Duser.variant]
2025-11-24T22:38:52.517+0900 [DEBUG] [org.gradle.internal.remote.internal.inet.TcpIncomingConnector] Listening on [86a49e08-17c2-4f35-925e-77b6000d0cb3 port:34905, addresses:[localhost/127.0.0.1]].
2025-11-24T22:38:52.530+0900 [DEBUG] [org.gradle.launcher.daemon.server.Daemon] Daemon starting at: Mon Nov 24 22:38:52 KST 2025, with address: [86a49e08-17c2-4f35-925e-77b6000d0cb3 port:34905, addresses:[localhost/127.0.0.1]]
2025-11-24T22:38:52.531+0900 [INFO] [org.gradle.launcher.daemon.server.DaemonRegistryUpdater] Advertising the daemon address to the clients: [86a49e08-17c2-4f35-925e-77b6000d0cb3 port:34905, addresses:[localhost/127.0.0.1]]
2025-11-24T22:38:52.531+0900 [DEBUG] [org.gradle.launcher.daemon.server.DaemonRegistryUpdater] Advertised daemon context: DefaultDaemonContext[uid=d4dbfbde-1899-4350-93b4-eee9104655f5,javaHome=/usr/lib/jvm/java-21-openjdk-amd64,javaVersion=21,javaVendor=Ubuntu,daemonRegistryDir=/home/migowj/git/GDSEMR_ver_0.3/.gradle-local/daemon,pid=411960,idleTimeout=120000,priority=NORMAL,applyInstrumentationAgent=true,nativeServicesMode=ENABLED,daemonOpts=-Dfile.encoding=UTF-8,-Duser.country=US,-Duser.language=en,-Duser.variant]
2025-11-24T22:38:52.532+0900 [DEBUG] [org.gradle.launcher.daemon.registry.PersistentDaemonRegistry] Storing daemon address: [86a49e08-17c2-4f35-925e-77b6000d0cb3 port:34905, addresses:[localhost/127.0.0.1]], context: DefaultDaemonContext[uid=d4dbfbde-1899-4350-93b4-eee9104655f5,javaHome=/usr/lib/jvm/java-21-openjdk-amd64,javaVersion=21,javaVendor=Ubuntu,daemonRegistryDir=/home/migowj/git/GDSEMR_ver_0.3/.gradle-local/daemon,pid=411960,idleTimeout=120000,priority=NORMAL,applyInstrumentationAgent=true,nativeServicesMode=ENABLED,daemonOpts=-Dfile.encoding=UTF-8,-Duser.country=US,-Duser.language=en,-Duser.variant]
2025-11-24T22:38:52.541+0900 [DEBUG] [org.gradle.cache.internal.DefaultFileLockManager] Waiting to acquire exclusive lock on daemon addresses registry.
2025-11-24T22:38:52.545+0900 [DEBUG] [org.gradle.cache.internal.DefaultFileLockManager] Lock acquired on daemon addresses registry.
2025-11-24T22:38:52.549+0900 [DEBUG] [org.gradle.cache.internal.DefaultFileLockManager] Releasing lock on daemon addresses registry.
2025-11-24T22:38:52.550+0900 [LIFECYCLE] [org.gradle.launcher.daemon.server.Daemon] Daemon server started.
2025-11-24T22:38:52.551+0900 [DEBUG] [org.gradle.launcher.daemon.bootstrap.DaemonStartupCommunication] Completed writing the daemon greeting. Closing streams...
2025-11-24T22:38:52.562+0900 [DEBUG] [org.gradle.launcher.daemon.server.Daemon] stopOnExpiration() called on daemon
2025-11-24T22:38:52.563+0900 [DEBUG] [org.gradle.launcher.daemon.server.Daemon] awaitExpiration() called on daemon
2025-11-24T22:38:52.564+0900 [DEBUG] [org.gradle.launcher.daemon.server.DaemonStateCoordinator] daemon is running. Sleeping until state changes.
2025-11-24T22:38:52.570+0900 [DEBUG] [org.gradle.internal.remote.internal.inet.TcpIncomingConnector] Accepted connection from /127.0.0.1:37246 to /127.0.0.1:34905.
2025-11-24T22:38:52.594+0900 [DEBUG] [org.gradle.launcher.daemon.server.SynchronizedDispatchConnection] thread 34: received class org.gradle.launcher.daemon.protocol.Build
2025-11-24T22:38:52.594+0900 [DEBUG] [org.gradle.launcher.daemon.server.DefaultDaemonConnection] thread 34: Received non-IO message from client: Build{id=576d30d2-8d79-496a-aa60-db6b6a33579d, currentDir=/home/migowj/git/GDSEMR_ver_0.3}
2025-11-24T22:38:52.595+0900 [INFO] [org.gradle.launcher.daemon.server.DefaultIncomingConnectionHandler] Received command: Build{id=576d30d2-8d79-496a-aa60-db6b6a33579d, currentDir=/home/migowj/git/GDSEMR_ver_0.3}.
2025-11-24T22:38:52.595+0900 [DEBUG] [org.gradle.launcher.daemon.server.DefaultIncomingConnectionHandler] Starting executing command: Build{id=576d30d2-8d79-496a-aa60-db6b6a33579d, currentDir=/home/migowj/git/GDSEMR_ver_0.3} with connection: socket connection from /127.0.0.1:34905 to /127.0.0.1:37246.
2025-11-24T22:38:52.598+0900 [DEBUG] [org.gradle.launcher.daemon.server.DaemonStateCoordinator] Command execution: started DaemonCommandExecution[command = Build{id=576d30d2-8d79-496a-aa60-db6b6a33579d, currentDir=/home/migowj/git/GDSEMR_ver_0.3}, connection = DefaultDaemonConnection: socket connection from /127.0.0.1:34905 to /127.0.0.1:37246] after 0.0014166666666666668 minutes of idle
2025-11-24T22:38:52.599+0900 [INFO] [org.gradle.launcher.daemon.server.DaemonRegistryUpdater] Marking the daemon as busy, address: [86a49e08-17c2-4f35-925e-77b6000d0cb3 port:34905, addresses:[localhost/127.0.0.1]]
2025-11-24T22:38:52.599+0900 [DEBUG] [org.gradle.launcher.daemon.registry.PersistentDaemonRegistry] Marking busy by address: [86a49e08-17c2-4f35-925e-77b6000d0cb3 port:34905, addresses:[localhost/127.0.0.1]]
2025-11-24T22:38:52.599+0900 [DEBUG] [org.gradle.cache.internal.DefaultFileLockManager] Waiting to acquire exclusive lock on daemon addresses registry.
2025-11-24T22:38:52.600+0900 [DEBUG] [org.gradle.cache.internal.DefaultFileLockManager] Lock acquired on daemon addresses registry.
2025-11-24T22:38:52.601+0900 [DEBUG] [org.gradle.cache.internal.DefaultFileLockManager] Releasing lock on daemon addresses registry.
2025-11-24T22:38:52.601+0900 [DEBUG] [org.gradle.launcher.daemon.server.DaemonStateCoordinator] resetting idle timer
2025-11-24T22:38:52.601+0900 [DEBUG] [org.gradle.launcher.daemon.server.DaemonStateCoordinator] daemon is running. Sleeping until state changes.
2025-11-24T22:38:52.602+0900 [INFO] [org.gradle.launcher.daemon.server.exec.StartBuildOrRespondWithBusy] Daemon is about to start building Build{id=576d30d2-8d79-496a-aa60-db6b6a33579d, currentDir=/home/migowj/git/GDSEMR_ver_0.3}. Dispatching build started information...
2025-11-24T22:38:52.603+0900 [DEBUG] [org.gradle.launcher.daemon.server.SynchronizedDispatchConnection] thread 36: dispatching org.gradle.launcher.daemon.protocol.BuildStarted@60e3b55d
2025-11-24T22:38:52.604+0900 [DEBUG] [org.gradle.launcher.daemon.server.exec.EstablishBuildEnvironment] Configuring env variables: [PATH, XAUTHORITY, LC_MEASUREMENT, XMODIFIERS, LC_TELEPHONE, XDG_DATA_DIRS, GDMSESSION, LC_TIME, PAPERSIZE, GTK_IM_MODULE, DBUS_SESSION_BUS_ADDRESS, XDG_CURRENT_DESKTOP, COLORTERM, LC_PAPER, SDKMAN_DIR, USERNAME, LOGNAME, PWD, SDKMAN_BROKER_API, CODEX_MANAGED_BY_NPM, LANGUAGE, SHELL, LESSOPEN, CODEX_SANDBOX_NETWORK_DISABLED, PATH_TO_FX, LC_ADDRESS, SDKMAN_CANDIDATES_API, OLDPWD, JAVAFX_HOME, GNOME_DESKTOP_SESSION_ID, GNOME_TERMINAL_SCREEN, GTK_MODULES, DEBUGINFOD_URLS, _JAVA_OPTIONS, SYSTEMD_EXEC_PID, LS_COLORS, XDG_SESSION_DESKTOP, GNOME_SETUP_DISPLAY, SHLVL, LC_IDENTIFICATION, QT_IM_MODULES, MEMORY_PRESSURE_WRITE, LESSCLOSE, LC_MONETARY, QT_IM_MODULE, JAVA_HOME, MEMORY_PRESSURE_WATCH, TERM, XDG_CONFIG_DIRS, GNOME_TERMINAL_SERVICE, LANG, XDG_SESSION_TYPE, GRADLE_HOME, DISPLAY, GRADLE_USER_HOME, WAYLAND_DISPLAY, LC_NAME, SDKMAN_CANDIDATES_DIR, XDG_SESSION_CLASS, _, GPG_AGENT_INFO, DESKTOP_SESSION, SDKMAN_PLATFORM, USER, XDG_MENU_PREFIX, QT_ACCESSIBILITY, VTE_VERSION, LC_NUMERIC, SSH_AUTH_SOCK, GNOME_SHELL_SESSION_MODE, XDG_RUNTIME_DIR, HOME]
2025-11-24T22:38:52.608+0900 [DEBUG] [org.gradle.launcher.daemon.server.exec.LogToClient] About to start relaying all logs to the client via the connection.
2025-11-24T22:38:52.609+0900 [INFO] [org.gradle.launcher.daemon.server.exec.LogToClient] The client will now receive all logging from the daemon (pid: 411960). The daemon log file: /home/migowj/git/GDSEMR_ver_0.3/.gradle-local/daemon/9.0.0/daemon-411960.out.log
2025-11-24T22:38:52.610+0900 [DEBUG] [org.gradle.launcher.daemon.server.exec.RequestStopIfSingleUsedDaemon] Requesting daemon stop after processing Build{id=576d30d2-8d79-496a-aa60-db6b6a33579d, currentDir=/home/migowj/git/GDSEMR_ver_0.3}
2025-11-24T22:38:52.610+0900 [LIFECYCLE] [org.gradle.launcher.daemon.server.DaemonStateCoordinator] Daemon will be stopped at the end of the build 
2025-11-24T22:38:52.611+0900 [DEBUG] [org.gradle.launcher.daemon.server.DaemonStateCoordinator] Stop as soon as idle requested. The daemon is busy
2025-11-24T22:38:52.611+0900 [DEBUG] [org.gradle.launcher.daemon.server.DaemonStateCoordinator] daemon stop has been requested. Sleeping until state changes.
2025-11-24T22:38:52.614+0900 [DEBUG] [org.gradle.launcher.daemon.server.exec.ExecuteBuild] The daemon has started executing the build.
2025-11-24T22:38:52.614+0900 [DEBUG] [org.gradle.launcher.daemon.server.exec.ExecuteBuild] Executing build with daemon context: DefaultDaemonContext[uid=d4dbfbde-1899-4350-93b4-eee9104655f5,javaHome=/usr/lib/jvm/java-21-openjdk-amd64,javaVersion=21,javaVendor=Ubuntu,daemonRegistryDir=/home/migowj/git/GDSEMR_ver_0.3/.gradle-local/daemon,pid=411960,idleTimeout=120000,priority=NORMAL,applyInstrumentationAgent=true,nativeServicesMode=ENABLED,daemonOpts=-Dfile.encoding=UTF-8,-Duser.country=US,-Duser.language=en,-Duser.variant]

[Incubating] Problems report is available at: file:///home/migowj/git/GDSEMR_ver_0.3/build/reports/problems/problems-report.html

FAILURE: Build failed with an exception.

* Where:
Settings file '/home/migowj/git/GDSEMR_ver_0.3/settings.gradle' line: 3

* What went wrong:
Could not compile settings file '/home/migowj/git/GDSEMR_ver_0.3/settings.gradle'.
> startup failed:
  settings file '/home/migowj/git/GDSEMR_ver_0.3/settings.gradle': 3: The pluginManagement {} block must appear before any other statements in the script.
  
  For more information on the pluginManagement {} block, please refer to https://docs.gradle.org/9.0.0/userguide/plugins.html#sec:plugin_management in the Gradle documentation.
  
   @ line 3, column 1.
     pluginManagement {
     ^
  
  1 error


* Try:
> Run with --stacktrace option to get the stack trace.
> Run with --info or --debug option to get more log output.
> Run with --scan to generate a Build Scan (Powered by Develocity).
> Get more help at https://help.gradle.org.

BUILD FAILED in 3s
2025-11-24T22:38:54.787+0900 [DEBUG] [org.gradle.launcher.daemon.server.exec.ExecuteBuild] The daemon has finished executing the build.
2025-11-24T22:38:54.798+0900 [DEBUG] [org.gradle.launcher.daemon.server.DaemonStateCoordinator] daemon stop has been requested. Sleeping until state changes.
2025-11-24T22:38:54.799+0900 [DEBUG] [org.gradle.launcher.daemon.server.DaemonStateCoordinator] Command execution: finished waiting for DaemonCommandExecution[command = Build{id=576d30d2-8d79-496a-aa60-db6b6a33579d, currentDir=/home/migowj/git/GDSEMR_ver_0.3}, connection = DefaultDaemonConnection: socket connection from /127.0.0.1:34905 to /127.0.0.1:37246]. Result org.gradle.launcher.daemon.server.DaemonStateCoordinator@2a6d1be7 with state StopRequested
2025-11-24T22:38:54.799+0900 [DEBUG] [org.gradle.launcher.daemon.server.DaemonStateCoordinator] Command execution: completed DaemonCommandExecution[command = Build{id=576d30d2-8d79-496a-aa60-db6b6a33579d, currentDir=/home/migowj/git/GDSEMR_ver_0.3}, connection = DefaultDaemonConnection: socket connection from /127.0.0.1:34905 to /127.0.0.1:37246]
2025-11-24T22:38:54.799+0900 [DEBUG] [org.gradle.launcher.daemon.server.DaemonStateCoordinator] resetting idle timer
2025-11-24T22:38:54.799+0900 [DEBUG] [org.gradle.launcher.daemon.server.DaemonStateCoordinator] Marking daemon stopped due to command completed and stop requested. The daemon is not running a build
2025-11-24T22:38:54.800+0900 [DEBUG] [org.gradle.launcher.daemon.server.DaemonStateCoordinator] daemon has stopped.
2025-11-24T22:38:54.800+0900 [DEBUG] [org.gradle.launcher.daemon.server.exec.ReturnResult] Daemon is dispatching the build result: Success[value=org.gradle.launcher.exec.BuildActionResult@601f4bb5]
2025-11-24T22:38:54.800+0900 [DEBUG] [org.gradle.launcher.daemon.server.SynchronizedDispatchConnection] thread 33: dispatching Success[value=org.gradle.launcher.exec.BuildActionResult@601f4bb5]
2025-11-24T22:38:54.800+0900 [DEBUG] [org.gradle.launcher.daemon.server.Daemon] stop() called on daemon
2025-11-24T22:38:54.800+0900 [INFO] [org.gradle.launcher.daemon.server.Daemon] Stop requested. Daemon is removing its presence from the registry...
2025-11-24T22:38:54.801+0900 [DEBUG] [org.gradle.launcher.daemon.server.DaemonRegistryUpdater] Removing our presence to clients, eg. removing this address from the registry: [86a49e08-17c2-4f35-925e-77b6000d0cb3 port:34905, addresses:[localhost/127.0.0.1]]
2025-11-24T22:38:54.801+0900 [DEBUG] [org.gradle.launcher.daemon.registry.PersistentDaemonRegistry] Removing daemon address: [86a49e08-17c2-4f35-925e-77b6000d0cb3 port:34905, addresses:[localhost/127.0.0.1]]
2025-11-24T22:38:54.802+0900 [DEBUG] [org.gradle.cache.internal.DefaultFileLockManager] Waiting to acquire exclusive lock on daemon addresses registry.
2025-11-24T22:38:54.802+0900 [DEBUG] [org.gradle.cache.internal.DefaultFileLockManager] Lock acquired on daemon addresses registry.
2025-11-24T22:38:54.803+0900 [DEBUG] [org.gradle.cache.internal.DefaultFileLockManager] Releasing lock on daemon addresses registry.
2025-11-24T22:38:54.803+0900 [DEBUG] [org.gradle.launcher.daemon.server.DaemonRegistryUpdater] Address removed from registry.
2025-11-24T22:38:54.809+0900 [DEBUG] [org.gradle.launcher.daemon.server.exec.CleanUpVirtualFileSystemAfterBuild] Cleaning virtual file system after build finished
2025-11-24T22:38:54.809+0900 [DEBUG] [org.gradle.launcher.daemon.server.DefaultIncomingConnectionHandler] Finishing executing command: Build{id=576d30d2-8d79-496a-aa60-db6b6a33579d, currentDir=/home/migowj/git/GDSEMR_ver_0.3}
2025-11-24T22:38:54.837+0900 [DEBUG] [org.gradle.launcher.daemon.server.SynchronizedDispatchConnection] thread 34: received class org.gradle.launcher.daemon.protocol.CloseInput
2025-11-24T22:38:54.837+0900 [DEBUG] [org.gradle.launcher.daemon.server.DefaultDaemonConnection] thread 34: Received IO message from client: org.gradle.launcher.daemon.protocol.CloseInput@786384a0
2025-11-24T22:38:54.878+0900 [DEBUG] [org.gradle.launcher.daemon.server.SynchronizedDispatchConnection] thread 34: received class org.gradle.launcher.daemon.protocol.Finished
2025-11-24T22:38:54.878+0900 [DEBUG] [org.gradle.launcher.daemon.server.DefaultDaemonConnection] thread 34: Received non-IO message from client: org.gradle.launcher.daemon.protocol.Finished@7a111bc2
2025-11-24T22:38:54.878+0900 [DEBUG] [org.gradle.launcher.daemon.server.DefaultIncomingConnectionHandler] Received finished message: org.gradle.launcher.daemon.protocol.Finished@7a111bc2
2025-11-24T22:38:54.878+0900 [DEBUG] [org.gradle.launcher.daemon.server.SynchronizedDispatchConnection] thread 33: stopping connection
2025-11-24T22:38:54.879+0900 [DEBUG] [org.gradle.internal.remote.internal.inet.SocketConnection] Discarding EOFException: java.io.EOFException
2025-11-24T22:38:54.879+0900 [DEBUG] [org.gradle.launcher.daemon.server.SynchronizedDispatchConnection] thread 34: received null
2025-11-24T22:38:54.879+0900 [DEBUG] [org.gradle.launcher.daemon.server.DefaultDaemonConnection] thread 34: Received end-of-input from client.
2025-11-24T22:38:54.880+0900 [DEBUG] [org.gradle.launcher.daemon.server.SynchronizedDispatchConnection] thread 33: stopping connection
2025-11-24T22:38:54.880+0900 [DEBUG] [org.gradle.cache.internal.DefaultCacheCleanupExecutor] jars (/home/migowj/git/GDSEMR_ver_0.3/.gradle-local/caches/jars-9) has last been fully cleaned up 0 hours ago
2025-11-24T22:38:54.881+0900 [DEBUG] [org.gradle.cache.internal.DefaultCacheCleanupExecutor] Skipping cleanup for jars (/home/migowj/git/GDSEMR_ver_0.3/.gradle-local/caches/jars-9) as it is not yet due
2025-11-24T22:38:54.881+0900 [DEBUG] [org.gradle.cache.internal.DefaultCacheCoordinator] Cache jars (/home/migowj/git/GDSEMR_ver_0.3/.gradle-local/caches/jars-9) was closed 0 times.
2025-11-24T22:38:54.881+0900 [DEBUG] [org.gradle.cache.internal.LockOnDemandCrossProcessCacheAccess] Releasing file lock for file content cache (/home/migowj/git/GDSEMR_ver_0.3/.gradle-local/caches/9.0.0/fileContent)
2025-11-24T22:38:54.881+0900 [DEBUG] [org.gradle.cache.internal.DefaultFileLockManager] Releasing lock on file content cache (/home/migowj/git/GDSEMR_ver_0.3/.gradle-local/caches/9.0.0/fileContent).
2025-11-24T22:38:54.881+0900 [DEBUG] [org.gradle.internal.watch.vfs.impl.WatchingVirtualFileSystem] Closing VFS, dropping state
2025-11-24T22:38:54.882+0900 [DEBUG] [org.gradle.internal.watch.registry.impl.DefaultFileWatcherRegistry] Finished listening to file system change events
2025-11-24T22:38:54.882+0900 [DEBUG] [org.gradle.cache.internal.DefaultCacheCoordinator] Cache Generated Gradle JARs cache (/home/migowj/git/GDSEMR_ver_0.3/.gradle-local/caches/9.0.0/generated-gradle-jars) was closed 0 times.
2025-11-24T22:38:54.883+0900 [DEBUG] [org.gradle.cache.internal.LockOnDemandCrossProcessCacheAccess] Releasing file lock for artifact cache (/home/migowj/git/GDSEMR_ver_0.3/.gradle-local/caches/modules-2)
2025-11-24T22:38:54.883+0900 [DEBUG] [org.gradle.cache.internal.DefaultFileLockManager] Releasing lock on artifact cache (/home/migowj/git/GDSEMR_ver_0.3/.gradle-local/caches/modules-2).
2025-11-24T22:38:54.883+0900 [DEBUG] [org.gradle.cache.internal.DefaultCacheCleanupExecutor] artifact cache (/home/migowj/git/GDSEMR_ver_0.3/.gradle-local/caches/modules-2) has last been fully cleaned up 0 hours ago
2025-11-24T22:38:54.883+0900 [DEBUG] [org.gradle.cache.internal.DefaultCacheCleanupExecutor] Skipping cleanup for artifact cache (/home/migowj/git/GDSEMR_ver_0.3/.gradle-local/caches/modules-2) as it is not yet due
2025-11-24T22:38:54.884+0900 [DEBUG] [org.gradle.cache.internal.DefaultCacheCleanupExecutor] groovy-dsl (/home/migowj/git/GDSEMR_ver_0.3/.gradle-local/caches/9.0.0/groovy-dsl) has last been fully cleaned up 0 hours ago
2025-11-24T22:38:54.884+0900 [DEBUG] [org.gradle.cache.internal.DefaultCacheCleanupExecutor] Skipping cleanup for groovy-dsl (/home/migowj/git/GDSEMR_ver_0.3/.gradle-local/caches/9.0.0/groovy-dsl) as it is not yet due
2025-11-24T22:38:54.884+0900 [DEBUG] [org.gradle.cache.internal.DefaultCacheCoordinator] Cache groovy-dsl (/home/migowj/git/GDSEMR_ver_0.3/.gradle-local/caches/9.0.0/groovy-dsl) was closed 0 times.
2025-11-24T22:38:54.884+0900 [DEBUG] [org.gradle.cache.internal.DefaultCacheCleanupExecutor] Artifact transforms cache (/home/migowj/git/GDSEMR_ver_0.3/.gradle-local/caches/9.0.0/transforms) has last been fully cleaned up 0 hours ago
2025-11-24T22:38:54.884+0900 [DEBUG] [org.gradle.cache.internal.DefaultCacheCleanupExecutor] Skipping cleanup for Artifact transforms cache (/home/migowj/git/GDSEMR_ver_0.3/.gradle-local/caches/9.0.0/transforms) as it is not yet due
2025-11-24T22:38:54.884+0900 [DEBUG] [org.gradle.cache.internal.DefaultCacheCoordinator] Cache Artifact transforms cache (/home/migowj/git/GDSEMR_ver_0.3/.gradle-local/caches/9.0.0/transforms) was closed 0 times.
2025-11-24T22:38:54.885+0900 [DEBUG] [org.gradle.cache.internal.LockOnDemandCrossProcessCacheAccess] Releasing file lock for journal cache (/home/migowj/git/GDSEMR_ver_0.3/.gradle-local/caches/journal-1)
2025-11-24T22:38:54.885+0900 [DEBUG] [org.gradle.cache.internal.btree.BTreePersistentIndexedCache] Closing cache file-access.bin (/home/migowj/git/GDSEMR_ver_0.3/.gradle-local/caches/journal-1/file-access.bin)
2025-11-24T22:38:54.886+0900 [DEBUG] [org.gradle.cache.internal.DefaultFileLockManager] Releasing lock on journal cache (/home/migowj/git/GDSEMR_ver_0.3/.gradle-local/caches/journal-1).
2025-11-24T22:38:54.886+0900 [DEBUG] [org.gradle.cache.internal.LockOnDemandCrossProcessCacheAccess] Releasing file lock for file hash cache (/home/migowj/git/GDSEMR_ver_0.3/.gradle-local/caches/9.0.0/fileHashes)
2025-11-24T22:38:54.886+0900 [DEBUG] [org.gradle.cache.internal.DefaultFileLockManager] Releasing lock on file hash cache (/home/migowj/git/GDSEMR_ver_0.3/.gradle-local/caches/9.0.0/fileHashes).
2025-11-24T22:38:54.887+0900 [DEBUG] [org.gradle.internal.operations.DefaultBuildOperationRunner] Build operation 'Deleting unused version-specific caches in /home/migowj/git/GDSEMR_ver_0.3/.gradle-local/caches' started
2025-11-24T22:38:54.887+0900 [DEBUG] [org.gradle.internal.operations.DefaultBuildOperationRunner] Completing Build operation 'Deleting unused version-specific caches in /home/migowj/git/GDSEMR_ver_0.3/.gradle-local/caches'
2025-11-24T22:38:54.888+0900 [DEBUG] [org.gradle.internal.operations.DefaultBuildOperationRunner] Build operation 'Deleting unused version-specific caches in /home/migowj/git/GDSEMR_ver_0.3/.gradle-local/caches' completed
2025-11-24T22:38:54.888+0900 [DEBUG] [org.gradle.launcher.daemon.server.Daemon] stop() called on daemon
2025-11-24T22:38:54.888+0900 [INFO] [org.gradle.launcher.daemon.server.Daemon] Stop requested. Daemon is removing its presence from the registry...
2025-11-24T22:38:54.888+0900 [DEBUG] [org.gradle.launcher.daemon.server.DaemonRegistryUpdater] Removing our presence to clients, eg. removing this address from the registry: [86a49e08-17c2-4f35-925e-77b6000d0cb3 port:34905, addresses:[localhost/127.0.0.1]]
2025-11-24T22:38:54.888+0900 [DEBUG] [org.gradle.launcher.daemon.registry.PersistentDaemonRegistry] Removing daemon address: [86a49e08-17c2-4f35-925e-77b6000d0cb3 port:34905, addresses:[localhost/127.0.0.1]]
2025-11-24T22:38:54.888+0900 [DEBUG] [org.gradle.cache.internal.DefaultFileLockManager] Waiting to acquire exclusive lock on daemon addresses registry.
2025-11-24T22:38:54.889+0900 [DEBUG] [org.gradle.cache.internal.DefaultFileLockManager] Lock acquired on daemon addresses registry.
2025-11-24T22:38:54.889+0900 [DEBUG] [org.gradle.cache.internal.DefaultFileLockManager] Releasing lock on daemon addresses registry.
2025-11-24T22:38:54.889+0900 [DEBUG] [org.gradle.launcher.daemon.server.DaemonRegistryUpdater] Address removed from registry.
2025-11-24T22:38:54.890+0900 [DEBUG] [org.gradle.cache.internal.locklistener.DefaultFileLockContentionHandler] File lock listener thread completed.
2025-11-24T22:38:54.893+0900 [DEBUG] [java.lang.Runtime] Runtime.exit() called with status: 0
java.lang.Throwable: Runtime.exit(0)
	at java.base/java.lang.Shutdown.logRuntimeExit(Shutdown.java:179)
	at java.base/java.lang.Shutdown.exit(Shutdown.java:160)
	at java.base/java.lang.Runtime.exit(Runtime.java:188)
	at java.base/java.lang.System.exit(System.java:1920)
	at org.gradle.launcher.bootstrap.ProcessCompleter.complete(ProcessCompleter.java:21)
	at org.gradle.launcher.bootstrap.EntryPoint.run(EntryPoint.java:62)
	at java.base/jdk.internal.reflect.DirectMethodHandleAccessor.invoke(DirectMethodHandleAccessor.java:103)
	at java.base/java.lang.reflect.Method.invoke(Method.java:580)
	at org.gradle.launcher.bootstrap.ProcessBootstrap.runNoExit(ProcessBootstrap.java:72)
	at org.gradle.launcher.bootstrap.ProcessBootstrap.run(ProcessBootstrap.java:39)
	at org.gradle.launcher.daemon.bootstrap.GradleDaemon.main(GradleDaemon.java:22)
Daemon vm is shutting down... The daemon has exited normally or was terminated in response to a user interrupt.
2025-11-24T22:38:54.894+0900 [DEBUG] [org.gradle.launcher.daemon.registry.PersistentDaemonRegistry] Removing daemon address: [86a49e08-17c2-4f35-925e-77b6000d0cb3 port:34905, addresses:[localhost/127.0.0.1]]
2025-11-24T22:38:54.894+0900 [DEBUG] [org.gradle.launcher.daemon.server.Daemon] VM shutdown hook was unable to remove the daemon address from the registry. It will be cleaned up later.
java.lang.IllegalStateException: Cannot start managing file contention because this handler has been closed.
	at org.gradle.cache.internal.locklistener.DefaultFileLockContentionHandler.assertNotStopped(DefaultFileLockContentionHandler.java:248)
	at org.gradle.cache.internal.locklistener.DefaultFileLockContentionHandler.reservePort(DefaultFileLockContentionHandler.java:286)
	at org.gradle.cache.internal.DefaultFileLockManager.lock(DefaultFileLockManager.java:124)
	at org.gradle.cache.internal.DefaultFileLockManager.lock(DefaultFileLockManager.java:106)
	at org.gradle.cache.internal.DefaultFileLockManager.lock(DefaultFileLockManager.java:101)
	at org.gradle.cache.internal.OnDemandFileAccess.updateFile(OnDemandFileAccess.java:51)
	at org.gradle.cache.internal.FileBackedObjectHolder.update(FileBackedObjectHolder.java:77)
	at org.gradle.cache.internal.FileIntegrityViolationSuppressingObjectHolderDecorator.lambda$update$0(FileIntegrityViolationSuppressingObjectHolderDecorator.java:48)
	at org.gradle.cache.internal.FileIntegrityViolationSuppressingObjectHolderDecorator.doUpdate(FileIntegrityViolationSuppressingObjectHolderDecorator.java:58)
	at org.gradle.cache.internal.FileIntegrityViolationSuppressingObjectHolderDecorator.update(FileIntegrityViolationSuppressingObjectHolderDecorator.java:48)
	at org.gradle.launcher.daemon.registry.PersistentDaemonRegistry.remove(PersistentDaemonRegistry.java:133)
	at org.gradle.launcher.daemon.server.Daemon$1.run(Daemon.java:133)
	at java.base/java.lang.Thread.run(Thread.java:1583)
