2025-11-24T22:44:14.447+0900 [DEBUG] [org.gradle.launcher.daemon.bootstrap.DaemonMain] Assuming the daemon was started with following jvm opts: [-Dfile.encoding=UTF-8, -Duser.country=US, -Duser.language=en, -Duser.variant]
2025-11-24T22:44:14.566+0900 [DEBUG] [org.gradle.internal.remote.internal.inet.InetAddresses] Adding IP addresses for network interface vmnet8
2025-11-24T22:44:14.567+0900 [DEBUG] [org.gradle.internal.remote.internal.inet.InetAddresses] Is this a loopback interface? false
2025-11-24T22:44:14.567+0900 [DEBUG] [org.gradle.internal.remote.internal.inet.InetAddresses] Adding remote address /172.16.117.1
2025-11-24T22:44:14.568+0900 [DEBUG] [org.gradle.internal.remote.internal.inet.InetAddresses] Adding IP addresses for network interface vmnet1
2025-11-24T22:44:14.568+0900 [DEBUG] [org.gradle.internal.remote.internal.inet.InetAddresses] Is this a loopback interface? false
2025-11-24T22:44:14.568+0900 [DEBUG] [org.gradle.internal.remote.internal.inet.InetAddresses] Adding remote address /172.16.189.1
2025-11-24T22:44:14.569+0900 [DEBUG] [org.gradle.internal.remote.internal.inet.InetAddresses] Adding IP addresses for network interface enp0s31f6
2025-11-24T22:44:14.569+0900 [DEBUG] [org.gradle.internal.remote.internal.inet.InetAddresses] Is this a loopback interface? false
2025-11-24T22:44:14.569+0900 [DEBUG] [org.gradle.internal.remote.internal.inet.InetAddresses] Adding remote address /175.209.193.50
2025-11-24T22:44:14.569+0900 [DEBUG] [org.gradle.internal.remote.internal.inet.InetAddresses] Adding IP addresses for network interface lo
2025-11-24T22:44:14.569+0900 [DEBUG] [org.gradle.internal.remote.internal.inet.InetAddresses] Is this a loopback interface? true
2025-11-24T22:44:14.570+0900 [DEBUG] [org.gradle.internal.remote.internal.inet.InetAddresses] Adding loopback address /127.0.0.1
2025-11-24T22:44:14.598+0900 [INFO] [org.gradle.launcher.daemon.server.Daemon] start() called on daemon - DefaultDaemonContext[uid=7e80c6bb-9f75-473b-893b-0afcaad9852b,javaHome=/usr/lib/jvm/java-21-openjdk-amd64,javaVersion=21,javaVendor=Ubuntu,daemonRegistryDir=/home/migowj/git/GDSEMR_ver_0.3/.gradle-local/daemon,pid=431220,idleTimeout=120000,priority=NORMAL,applyInstrumentationAgent=true,nativeServicesMode=ENABLED,daemonOpts=-Dfile.encoding=UTF-8,-Duser.country=US,-Duser.language=en,-Duser.variant]
2025-11-24T22:44:14.619+0900 [DEBUG] [org.gradle.internal.remote.internal.inet.TcpIncomingConnector] Listening on [a9856e91-8b0a-4960-b00e-a5e145bb6a99 port:33679, addresses:[localhost/127.0.0.1]].
2025-11-24T22:44:14.631+0900 [DEBUG] [org.gradle.launcher.daemon.server.Daemon] Daemon starting at: Mon Nov 24 22:44:14 KST 2025, with address: [a9856e91-8b0a-4960-b00e-a5e145bb6a99 port:33679, addresses:[localhost/127.0.0.1]]
2025-11-24T22:44:14.632+0900 [INFO] [org.gradle.launcher.daemon.server.DaemonRegistryUpdater] Advertising the daemon address to the clients: [a9856e91-8b0a-4960-b00e-a5e145bb6a99 port:33679, addresses:[localhost/127.0.0.1]]
2025-11-24T22:44:14.632+0900 [DEBUG] [org.gradle.launcher.daemon.server.DaemonRegistryUpdater] Advertised daemon context: DefaultDaemonContext[uid=7e80c6bb-9f75-473b-893b-0afcaad9852b,javaHome=/usr/lib/jvm/java-21-openjdk-amd64,javaVersion=21,javaVendor=Ubuntu,daemonRegistryDir=/home/migowj/git/GDSEMR_ver_0.3/.gradle-local/daemon,pid=431220,idleTimeout=120000,priority=NORMAL,applyInstrumentationAgent=true,nativeServicesMode=ENABLED,daemonOpts=-Dfile.encoding=UTF-8,-Duser.country=US,-Duser.language=en,-Duser.variant]
2025-11-24T22:44:14.633+0900 [DEBUG] [org.gradle.launcher.daemon.registry.PersistentDaemonRegistry] Storing daemon address: [a9856e91-8b0a-4960-b00e-a5e145bb6a99 port:33679, addresses:[localhost/127.0.0.1]], context: DefaultDaemonContext[uid=7e80c6bb-9f75-473b-893b-0afcaad9852b,javaHome=/usr/lib/jvm/java-21-openjdk-amd64,javaVersion=21,javaVendor=Ubuntu,daemonRegistryDir=/home/migowj/git/GDSEMR_ver_0.3/.gradle-local/daemon,pid=431220,idleTimeout=120000,priority=NORMAL,applyInstrumentationAgent=true,nativeServicesMode=ENABLED,daemonOpts=-Dfile.encoding=UTF-8,-Duser.country=US,-Duser.language=en,-Duser.variant]
2025-11-24T22:44:14.639+0900 [DEBUG] [org.gradle.cache.internal.DefaultFileLockManager] Waiting to acquire exclusive lock on daemon addresses registry.
2025-11-24T22:44:14.642+0900 [DEBUG] [org.gradle.cache.internal.DefaultFileLockManager] Lock acquired on daemon addresses registry.
2025-11-24T22:44:14.645+0900 [DEBUG] [org.gradle.cache.internal.DefaultFileLockManager] Releasing lock on daemon addresses registry.
2025-11-24T22:44:14.646+0900 [LIFECYCLE] [org.gradle.launcher.daemon.server.Daemon] Daemon server started.
2025-11-24T22:44:14.647+0900 [DEBUG] [org.gradle.launcher.daemon.bootstrap.DaemonStartupCommunication] Completed writing the daemon greeting. Closing streams...
2025-11-24T22:44:14.656+0900 [DEBUG] [org.gradle.launcher.daemon.server.Daemon] stopOnExpiration() called on daemon
2025-11-24T22:44:14.658+0900 [DEBUG] [org.gradle.launcher.daemon.server.Daemon] awaitExpiration() called on daemon
2025-11-24T22:44:14.659+0900 [DEBUG] [org.gradle.launcher.daemon.server.DaemonStateCoordinator] daemon is running. Sleeping until state changes.
2025-11-24T22:44:14.664+0900 [DEBUG] [org.gradle.internal.remote.internal.inet.TcpIncomingConnector] Accepted connection from /127.0.0.1:52362 to /127.0.0.1:33679.
2025-11-24T22:44:14.684+0900 [DEBUG] [org.gradle.launcher.daemon.server.SynchronizedDispatchConnection] thread 34: received class org.gradle.launcher.daemon.protocol.Build
2025-11-24T22:44:14.685+0900 [DEBUG] [org.gradle.launcher.daemon.server.DefaultDaemonConnection] thread 34: Received non-IO message from client: Build{id=f29413c4-a605-452a-82f2-777f3ea90c28, currentDir=/home/migowj/git/GDSEMR_ver_0.3}
2025-11-24T22:44:14.685+0900 [INFO] [org.gradle.launcher.daemon.server.DefaultIncomingConnectionHandler] Received command: Build{id=f29413c4-a605-452a-82f2-777f3ea90c28, currentDir=/home/migowj/git/GDSEMR_ver_0.3}.
2025-11-24T22:44:14.685+0900 [DEBUG] [org.gradle.launcher.daemon.server.DefaultIncomingConnectionHandler] Starting executing command: Build{id=f29413c4-a605-452a-82f2-777f3ea90c28, currentDir=/home/migowj/git/GDSEMR_ver_0.3} with connection: socket connection from /127.0.0.1:33679 to /127.0.0.1:52362.
2025-11-24T22:44:14.688+0900 [DEBUG] [org.gradle.launcher.daemon.server.DaemonStateCoordinator] Command execution: started DaemonCommandExecution[command = Build{id=f29413c4-a605-452a-82f2-777f3ea90c28, currentDir=/home/migowj/git/GDSEMR_ver_0.3}, connection = DefaultDaemonConnection: socket connection from /127.0.0.1:33679 to /127.0.0.1:52362] after 0.0012 minutes of idle
2025-11-24T22:44:14.689+0900 [INFO] [org.gradle.launcher.daemon.server.DaemonRegistryUpdater] Marking the daemon as busy, address: [a9856e91-8b0a-4960-b00e-a5e145bb6a99 port:33679, addresses:[localhost/127.0.0.1]]
2025-11-24T22:44:14.689+0900 [DEBUG] [org.gradle.launcher.daemon.registry.PersistentDaemonRegistry] Marking busy by address: [a9856e91-8b0a-4960-b00e-a5e145bb6a99 port:33679, addresses:[localhost/127.0.0.1]]
2025-11-24T22:44:14.690+0900 [DEBUG] [org.gradle.cache.internal.DefaultFileLockManager] Waiting to acquire exclusive lock on daemon addresses registry.
2025-11-24T22:44:14.690+0900 [DEBUG] [org.gradle.cache.internal.DefaultFileLockManager] Lock acquired on daemon addresses registry.
2025-11-24T22:44:14.691+0900 [DEBUG] [org.gradle.cache.internal.DefaultFileLockManager] Releasing lock on daemon addresses registry.
2025-11-24T22:44:14.691+0900 [DEBUG] [org.gradle.launcher.daemon.server.DaemonStateCoordinator] resetting idle timer
2025-11-24T22:44:14.692+0900 [DEBUG] [org.gradle.launcher.daemon.server.DaemonStateCoordinator] daemon is running. Sleeping until state changes.
2025-11-24T22:44:14.692+0900 [INFO] [org.gradle.launcher.daemon.server.exec.StartBuildOrRespondWithBusy] Daemon is about to start building Build{id=f29413c4-a605-452a-82f2-777f3ea90c28, currentDir=/home/migowj/git/GDSEMR_ver_0.3}. Dispatching build started information...
2025-11-24T22:44:14.693+0900 [DEBUG] [org.gradle.launcher.daemon.server.SynchronizedDispatchConnection] thread 36: dispatching org.gradle.launcher.daemon.protocol.BuildStarted@60e3b55d
2025-11-24T22:44:14.694+0900 [DEBUG] [org.gradle.launcher.daemon.server.exec.EstablishBuildEnvironment] Configuring env variables: [PATH, XAUTHORITY, LC_MEASUREMENT, XMODIFIERS, LC_TELEPHONE, XDG_DATA_DIRS, GDMSESSION, LC_TIME, PAPERSIZE, GTK_IM_MODULE, DBUS_SESSION_BUS_ADDRESS, XDG_CURRENT_DESKTOP, COLORTERM, LC_PAPER, SDKMAN_DIR, USERNAME, LOGNAME, PWD, SDKMAN_BROKER_API, CODEX_MANAGED_BY_NPM, LANGUAGE, SHELL, LESSOPEN, CODEX_SANDBOX_NETWORK_DISABLED, PATH_TO_FX, LC_ADDRESS, SDKMAN_CANDIDATES_API, OLDPWD, JAVAFX_HOME, GNOME_DESKTOP_SESSION_ID, GNOME_TERMINAL_SCREEN, GTK_MODULES, DEBUGINFOD_URLS, _JAVA_OPTIONS, SYSTEMD_EXEC_PID, LS_COLORS, XDG_SESSION_DESKTOP, GNOME_SETUP_DISPLAY, SHLVL, LC_IDENTIFICATION, QT_IM_MODULES, MEMORY_PRESSURE_WRITE, LESSCLOSE, LC_MONETARY, QT_IM_MODULE, JAVA_HOME, MEMORY_PRESSURE_WATCH, TERM, XDG_CONFIG_DIRS, GNOME_TERMINAL_SERVICE, LANG, XDG_SESSION_TYPE, GRADLE_HOME, DISPLAY, GRADLE_USER_HOME, WAYLAND_DISPLAY, LC_NAME, SDKMAN_CANDIDATES_DIR, XDG_SESSION_CLASS, _, GPG_AGENT_INFO, DESKTOP_SESSION, SDKMAN_PLATFORM, USER, XDG_MENU_PREFIX, QT_ACCESSIBILITY, VTE_VERSION, LC_NUMERIC, SSH_AUTH_SOCK, GNOME_SHELL_SESSION_MODE, XDG_RUNTIME_DIR, HOME]
2025-11-24T22:44:14.699+0900 [DEBUG] [org.gradle.launcher.daemon.server.exec.LogToClient] About to start relaying all logs to the client via the connection.
2025-11-24T22:44:14.699+0900 [INFO] [org.gradle.launcher.daemon.server.exec.LogToClient] The client will now receive all logging from the daemon (pid: 431220). The daemon log file: /home/migowj/git/GDSEMR_ver_0.3/.gradle-local/daemon/9.0.0/daemon-431220.out.log
2025-11-24T22:44:14.700+0900 [DEBUG] [org.gradle.launcher.daemon.server.exec.RequestStopIfSingleUsedDaemon] Requesting daemon stop after processing Build{id=f29413c4-a605-452a-82f2-777f3ea90c28, currentDir=/home/migowj/git/GDSEMR_ver_0.3}
2025-11-24T22:44:14.701+0900 [LIFECYCLE] [org.gradle.launcher.daemon.server.DaemonStateCoordinator] Daemon will be stopped at the end of the build 
2025-11-24T22:44:14.701+0900 [DEBUG] [org.gradle.launcher.daemon.server.DaemonStateCoordinator] Stop as soon as idle requested. The daemon is busy
2025-11-24T22:44:14.701+0900 [DEBUG] [org.gradle.launcher.daemon.server.DaemonStateCoordinator] daemon stop has been requested. Sleeping until state changes.
2025-11-24T22:44:14.704+0900 [DEBUG] [org.gradle.launcher.daemon.server.exec.ExecuteBuild] The daemon has started executing the build.
2025-11-24T22:44:14.704+0900 [DEBUG] [org.gradle.launcher.daemon.server.exec.ExecuteBuild] Executing build with daemon context: DefaultDaemonContext[uid=7e80c6bb-9f75-473b-893b-0afcaad9852b,javaHome=/usr/lib/jvm/java-21-openjdk-amd64,javaVersion=21,javaVendor=Ubuntu,daemonRegistryDir=/home/migowj/git/GDSEMR_ver_0.3/.gradle-local/daemon,pid=431220,idleTimeout=120000,priority=NORMAL,applyInstrumentationAgent=true,nativeServicesMode=ENABLED,daemonOpts=-Dfile.encoding=UTF-8,-Duser.country=US,-Duser.language=en,-Duser.variant]
Picked up _JAVA_OPTIONS: -Djava.net.preferIPv4Stack=true -Djava.net.preferIPv6Addresses=false

  .   ____          _            __ _ _
 /\\ / ___'_ __ _ _(_)_ __  __ _ \ \ \ \
( ( )\___ | '_ | '_| | '_ \/ _` | \ \ \ \
 \\/  ___)| |_)| | | | | || (_| |  ) ) ) )
  '  |____| .__|_| |_|_| |_\__, | / / / /
 =========|_|==============|___/=/_/_/_/

 :: Spring Boot ::                (v3.3.5)

2025-11-24T22:44:19.670+09:00  INFO 431384 --- [gds-emr-server] [           main] c.e.gds.server.GdsEmrServerApplication   : Starting GdsEmrServerApplication using Java 21.0.9-ea with PID 431384 (/home/migowj/git/GDSEMR_ver_0.3/server/build/classes/java/main started by migowj in /home/migowj/git/GDSEMR_ver_0.3/server)
2025-11-24T22:44:19.672+09:00  INFO 431384 --- [gds-emr-server] [           main] c.e.gds.server.GdsEmrServerApplication   : No active profile set, falling back to 1 default profile: "default"
2025-11-24T22:44:20.270+09:00  INFO 431384 --- [gds-emr-server] [           main] o.s.b.w.embedded.tomcat.TomcatWebServer  : Tomcat initialized with port 8080 (http)
2025-11-24T22:44:20.281+09:00  INFO 431384 --- [gds-emr-server] [           main] o.apache.catalina.core.StandardService   : Starting service [Tomcat]
2025-11-24T22:44:20.281+09:00  INFO 431384 --- [gds-emr-server] [           main] o.apache.catalina.core.StandardEngine    : Starting Servlet engine: [Apache Tomcat/10.1.31]
2025-11-24T22:44:20.315+09:00  INFO 431384 --- [gds-emr-server] [           main] o.a.c.c.C.[Tomcat].[localhost].[/]       : Initializing Spring embedded WebApplicationContext
2025-11-24T22:44:20.316+09:00  INFO 431384 --- [gds-emr-server] [           main] w.s.c.ServletWebServerApplicationContext : Root WebApplicationContext: initialization completed in 612 ms
2025-11-24T22:44:20.560+09:00  INFO 431384 --- [gds-emr-server] [           main] o.s.b.w.embedded.tomcat.TomcatWebServer  : Tomcat started on port 8080 (http) with context path '/'
2025-11-24T22:44:20.566+09:00  INFO 431384 --- [gds-emr-server] [           main] c.e.gds.server.GdsEmrServerApplication   : Started GdsEmrServerApplication in 1.196 seconds (process running for 1.432)
2025-11-24T22:44:36.044+09:00  INFO 431384 --- [gds-emr-server] [nio-8080-exec-1] o.a.c.c.C.[Tomcat].[localhost].[/]       : Initializing Spring DispatcherServlet 'dispatcherServlet'
2025-11-24T22:44:36.044+09:00  INFO 431384 --- [gds-emr-server] [nio-8080-exec-1] o.s.web.servlet.DispatcherServlet        : Initializing Servlet 'dispatcherServlet'
2025-11-24T22:44:36.045+09:00  INFO 431384 --- [gds-emr-server] [nio-8080-exec-1] o.s.web.servlet.DispatcherServlet        : Completed initialization in 1 ms
thread 34: client disconnection detected, canceling the build
Daemon is stopping immediately the build was canceled after a stop was requested
Unable to execute command Build{id=f29413c4-a605-452a-82f2-777f3ea90c28, currentDir=/home/migowj/git/GDSEMR_ver_0.3} from socket connection from /127.0.0.1:33679 to /127.0.0.1:52362. Dispatching the failure to the daemon client
org.gradle.internal.remote.internal.MessageIOException: Could not write '/127.0.0.1:52362'.
	at org.gradle.internal.remote.internal.inet.SocketConnection.flush(SocketConnection.java:142)
	at org.gradle.launcher.daemon.server.SynchronizedDispatchConnection.dispatchAndFlush(SynchronizedDispatchConnection.java:57)
	at org.gradle.launcher.daemon.server.DefaultDaemonConnection.completed(DefaultDaemonConnection.java:150)
	at org.gradle.launcher.daemon.server.exec.ReturnResult.execute(ReturnResult.java:41)
	at org.gradle.launcher.daemon.server.api.DaemonCommandExecution.proceed(DaemonCommandExecution.java:104)
	at org.gradle.launcher.daemon.server.exec.CleanUpVirtualFileSystemAfterBuild.doBuild(CleanUpVirtualFileSystemAfterBuild.java:58)
	at org.gradle.launcher.daemon.server.exec.BuildCommandOnly.execute(BuildCommandOnly.java:37)
	at org.gradle.launcher.daemon.server.api.DaemonCommandExecution.proceed(DaemonCommandExecution.java:104)
	at org.gradle.launcher.daemon.server.api.HandleReportStatus.execute(HandleReportStatus.java:35)
	at org.gradle.launcher.daemon.server.api.DaemonCommandExecution.proceed(DaemonCommandExecution.java:104)
	at org.gradle.launcher.daemon.server.exec.HandleCancel.execute(HandleCancel.java:39)
	at org.gradle.launcher.daemon.server.api.DaemonCommandExecution.proceed(DaemonCommandExecution.java:104)
	at org.gradle.launcher.daemon.server.api.HandleInvalidateVirtualFileSystem.execute(HandleInvalidateVirtualFileSystem.java:46)
	at org.gradle.launcher.daemon.server.api.DaemonCommandExecution.proceed(DaemonCommandExecution.java:104)
	at org.gradle.launcher.daemon.server.api.HandleStop.execute(HandleStop.java:46)
	at org.gradle.launcher.daemon.server.api.DaemonCommandExecution.proceed(DaemonCommandExecution.java:104)
	at org.gradle.launcher.daemon.server.exec.DaemonCommandExecuter.executeCommand(DaemonCommandExecuter.java:55)
	at org.gradle.launcher.daemon.server.DefaultIncomingConnectionHandler$ConnectionWorker.handleCommand(DefaultIncomingConnectionHandler.java:161)
	at org.gradle.launcher.daemon.server.DefaultIncomingConnectionHandler$ConnectionWorker.receiveAndHandleCommand(DefaultIncomingConnectionHandler.java:134)
	at org.gradle.launcher.daemon.server.DefaultIncomingConnectionHandler$ConnectionWorker.run(DefaultIncomingConnectionHandler.java:122)
	at org.gradle.internal.concurrent.ExecutorPolicy$CatchAndRecordFailures.onExecute(ExecutorPolicy.java:64)
	at org.gradle.internal.concurrent.AbstractManagedExecutor$1.run(AbstractManagedExecutor.java:47)
	at java.base/java.util.concurrent.ThreadPoolExecutor.runWorker(ThreadPoolExecutor.java:1144)
	at java.base/java.util.concurrent.ThreadPoolExecutor$Worker.run(ThreadPoolExecutor.java:642)
	at java.base/java.lang.Thread.run(Thread.java:1583)
Caused by: java.io.IOException: Broken pipe
	at java.base/sun.nio.ch.SocketDispatcher.write0(Native Method)
	at java.base/sun.nio.ch.SocketDispatcher.write(SocketDispatcher.java:62)
	at java.base/sun.nio.ch.IOUtil.writeFromNativeBuffer(IOUtil.java:137)
	at java.base/sun.nio.ch.IOUtil.write(IOUtil.java:81)
	at java.base/sun.nio.ch.IOUtil.write(IOUtil.java:58)
	at java.base/sun.nio.ch.SocketChannelImpl.write(SocketChannelImpl.java:542)
	at org.gradle.internal.remote.internal.inet.SocketConnection$SocketOutputStream.writeWithNonBlockingRetry(SocketConnection.java:282)
	at org.gradle.internal.remote.internal.inet.SocketConnection$SocketOutputStream.writeBufferToChannel(SocketConnection.java:269)
	at org.gradle.internal.remote.internal.inet.SocketConnection$SocketOutputStream.flush(SocketConnection.java:263)
	at org.gradle.internal.remote.internal.inet.SocketConnection.flush(SocketConnection.java:140)
	... 24 more
Daemon vm is shutting down... The daemon has exited normally or was terminated in response to a user interrupt.
Remove shutdown hook failed
java.lang.IllegalStateException: Shutdown in progress
	at java.base/java.lang.ApplicationShutdownHooks.remove(ApplicationShutdownHooks.java:83)
	at java.base/java.lang.Runtime.removeShutdownHook(Runtime.java:281)
	at org.gradle.process.internal.shutdown.ShutdownHooks.removeShutdownHook(ShutdownHooks.java:38)
	at org.gradle.process.internal.DefaultExecHandle.setEndStateInfo(DefaultExecHandle.java:209)
	at org.gradle.process.internal.DefaultExecHandle.aborted(DefaultExecHandle.java:393)
	at org.gradle.process.internal.ExecHandleRunner.completed(ExecHandleRunner.java:132)
	at org.gradle.process.internal.ExecHandleRunner.lambda$run$2(ExecHandleRunner.java:97)
	at org.gradle.internal.operations.CurrentBuildOperationRef.with(CurrentBuildOperationRef.java:84)
	at org.gradle.process.internal.ExecHandleRunner.run(ExecHandleRunner.java:95)
	at org.gradle.internal.concurrent.ExecutorPolicy$CatchAndRecordFailures.onExecute(ExecutorPolicy.java:64)
	at org.gradle.internal.concurrent.AbstractManagedExecutor$1.run(AbstractManagedExecutor.java:47)
	at java.base/java.util.concurrent.ThreadPoolExecutor.runWorker(ThreadPoolExecutor.java:1144)
	at java.base/java.util.concurrent.ThreadPoolExecutor$Worker.run(ThreadPoolExecutor.java:642)
	at java.base/java.lang.Thread.run(Thread.java:1583)
