2025-11-24T22:40:13.618+0900 [DEBUG] [org.gradle.launcher.daemon.bootstrap.DaemonMain] Assuming the daemon was started with following jvm opts: [-Dfile.encoding=UTF-8, -Duser.country=US, -Duser.language=en, -Duser.variant]
2025-11-24T22:40:13.728+0900 [DEBUG] [org.gradle.internal.remote.internal.inet.InetAddresses] Adding IP addresses for network interface vmnet8
2025-11-24T22:40:13.729+0900 [DEBUG] [org.gradle.internal.remote.internal.inet.InetAddresses] Is this a loopback interface? false
2025-11-24T22:40:13.729+0900 [DEBUG] [org.gradle.internal.remote.internal.inet.InetAddresses] Adding remote address /172.16.117.1
2025-11-24T22:40:13.730+0900 [DEBUG] [org.gradle.internal.remote.internal.inet.InetAddresses] Adding IP addresses for network interface vmnet1
2025-11-24T22:40:13.730+0900 [DEBUG] [org.gradle.internal.remote.internal.inet.InetAddresses] Is this a loopback interface? false
2025-11-24T22:40:13.730+0900 [DEBUG] [org.gradle.internal.remote.internal.inet.InetAddresses] Adding remote address /172.16.189.1
2025-11-24T22:40:13.731+0900 [DEBUG] [org.gradle.internal.remote.internal.inet.InetAddresses] Adding IP addresses for network interface enp0s31f6
2025-11-24T22:40:13.731+0900 [DEBUG] [org.gradle.internal.remote.internal.inet.InetAddresses] Is this a loopback interface? false
2025-11-24T22:40:13.731+0900 [DEBUG] [org.gradle.internal.remote.internal.inet.InetAddresses] Adding remote address /175.209.193.50
2025-11-24T22:40:13.731+0900 [DEBUG] [org.gradle.internal.remote.internal.inet.InetAddresses] Adding IP addresses for network interface lo
2025-11-24T22:40:13.732+0900 [DEBUG] [org.gradle.internal.remote.internal.inet.InetAddresses] Is this a loopback interface? true
2025-11-24T22:40:13.732+0900 [DEBUG] [org.gradle.internal.remote.internal.inet.InetAddresses] Adding loopback address /127.0.0.1
2025-11-24T22:40:13.759+0900 [INFO] [org.gradle.launcher.daemon.server.Daemon] start() called on daemon - DefaultDaemonContext[uid=da327fea-6a82-4a5d-837b-ca2b96da8f1b,javaHome=/usr/lib/jvm/java-21-openjdk-amd64,javaVersion=21,javaVendor=Ubuntu,daemonRegistryDir=/home/migowj/git/GDSEMR_ver_0.3/.gradle-local/daemon,pid=417309,idleTimeout=120000,priority=NORMAL,applyInstrumentationAgent=true,nativeServicesMode=ENABLED,daemonOpts=-Dfile.encoding=UTF-8,-Duser.country=US,-Duser.language=en,-Duser.variant]
2025-11-24T22:40:13.781+0900 [DEBUG] [org.gradle.internal.remote.internal.inet.TcpIncomingConnector] Listening on [bdad2552-ab33-4a9b-8bb9-f160ca79c501 port:41993, addresses:[localhost/127.0.0.1]].
2025-11-24T22:40:13.795+0900 [DEBUG] [org.gradle.launcher.daemon.server.Daemon] Daemon starting at: Mon Nov 24 22:40:13 KST 2025, with address: [bdad2552-ab33-4a9b-8bb9-f160ca79c501 port:41993, addresses:[localhost/127.0.0.1]]
2025-11-24T22:40:13.796+0900 [INFO] [org.gradle.launcher.daemon.server.DaemonRegistryUpdater] Advertising the daemon address to the clients: [bdad2552-ab33-4a9b-8bb9-f160ca79c501 port:41993, addresses:[localhost/127.0.0.1]]
2025-11-24T22:40:13.796+0900 [DEBUG] [org.gradle.launcher.daemon.server.DaemonRegistryUpdater] Advertised daemon context: DefaultDaemonContext[uid=da327fea-6a82-4a5d-837b-ca2b96da8f1b,javaHome=/usr/lib/jvm/java-21-openjdk-amd64,javaVersion=21,javaVendor=Ubuntu,daemonRegistryDir=/home/migowj/git/GDSEMR_ver_0.3/.gradle-local/daemon,pid=417309,idleTimeout=120000,priority=NORMAL,applyInstrumentationAgent=true,nativeServicesMode=ENABLED,daemonOpts=-Dfile.encoding=UTF-8,-Duser.country=US,-Duser.language=en,-Duser.variant]
2025-11-24T22:40:13.797+0900 [DEBUG] [org.gradle.launcher.daemon.registry.PersistentDaemonRegistry] Storing daemon address: [bdad2552-ab33-4a9b-8bb9-f160ca79c501 port:41993, addresses:[localhost/127.0.0.1]], context: DefaultDaemonContext[uid=da327fea-6a82-4a5d-837b-ca2b96da8f1b,javaHome=/usr/lib/jvm/java-21-openjdk-amd64,javaVersion=21,javaVendor=Ubuntu,daemonRegistryDir=/home/migowj/git/GDSEMR_ver_0.3/.gradle-local/daemon,pid=417309,idleTimeout=120000,priority=NORMAL,applyInstrumentationAgent=true,nativeServicesMode=ENABLED,daemonOpts=-Dfile.encoding=UTF-8,-Duser.country=US,-Duser.language=en,-Duser.variant]
2025-11-24T22:40:13.804+0900 [DEBUG] [org.gradle.cache.internal.DefaultFileLockManager] Waiting to acquire exclusive lock on daemon addresses registry.
2025-11-24T22:40:13.808+0900 [DEBUG] [org.gradle.cache.internal.DefaultFileLockManager] Lock acquired on daemon addresses registry.
2025-11-24T22:40:13.811+0900 [DEBUG] [org.gradle.cache.internal.DefaultFileLockManager] Releasing lock on daemon addresses registry.
2025-11-24T22:40:13.812+0900 [LIFECYCLE] [org.gradle.launcher.daemon.server.Daemon] Daemon server started.
2025-11-24T22:40:13.813+0900 [DEBUG] [org.gradle.launcher.daemon.bootstrap.DaemonStartupCommunication] Completed writing the daemon greeting. Closing streams...
2025-11-24T22:40:13.823+0900 [DEBUG] [org.gradle.launcher.daemon.server.Daemon] stopOnExpiration() called on daemon
2025-11-24T22:40:13.825+0900 [DEBUG] [org.gradle.launcher.daemon.server.Daemon] awaitExpiration() called on daemon
2025-11-24T22:40:13.825+0900 [DEBUG] [org.gradle.launcher.daemon.server.DaemonStateCoordinator] daemon is running. Sleeping until state changes.
2025-11-24T22:40:13.831+0900 [DEBUG] [org.gradle.internal.remote.internal.inet.TcpIncomingConnector] Accepted connection from /127.0.0.1:54478 to /127.0.0.1:41993.
2025-11-24T22:40:13.852+0900 [DEBUG] [org.gradle.launcher.daemon.server.SynchronizedDispatchConnection] thread 34: received class org.gradle.launcher.daemon.protocol.Build
2025-11-24T22:40:13.853+0900 [DEBUG] [org.gradle.launcher.daemon.server.DefaultDaemonConnection] thread 34: Received non-IO message from client: Build{id=052d2c31-b600-47fe-b51f-5a3e26efb4dc, currentDir=/home/migowj/git/GDSEMR_ver_0.3}
2025-11-24T22:40:13.853+0900 [INFO] [org.gradle.launcher.daemon.server.DefaultIncomingConnectionHandler] Received command: Build{id=052d2c31-b600-47fe-b51f-5a3e26efb4dc, currentDir=/home/migowj/git/GDSEMR_ver_0.3}.
2025-11-24T22:40:13.854+0900 [DEBUG] [org.gradle.launcher.daemon.server.DefaultIncomingConnectionHandler] Starting executing command: Build{id=052d2c31-b600-47fe-b51f-5a3e26efb4dc, currentDir=/home/migowj/git/GDSEMR_ver_0.3} with connection: socket connection from /127.0.0.1:41993 to /127.0.0.1:54478.
2025-11-24T22:40:13.856+0900 [DEBUG] [org.gradle.launcher.daemon.server.DaemonStateCoordinator] Command execution: started DaemonCommandExecution[command = Build{id=052d2c31-b600-47fe-b51f-5a3e26efb4dc, currentDir=/home/migowj/git/GDSEMR_ver_0.3}, connection = DefaultDaemonConnection: socket connection from /127.0.0.1:41993 to /127.0.0.1:54478] after 0.0013 minutes of idle
2025-11-24T22:40:13.857+0900 [INFO] [org.gradle.launcher.daemon.server.DaemonRegistryUpdater] Marking the daemon as busy, address: [bdad2552-ab33-4a9b-8bb9-f160ca79c501 port:41993, addresses:[localhost/127.0.0.1]]
2025-11-24T22:40:13.857+0900 [DEBUG] [org.gradle.launcher.daemon.registry.PersistentDaemonRegistry] Marking busy by address: [bdad2552-ab33-4a9b-8bb9-f160ca79c501 port:41993, addresses:[localhost/127.0.0.1]]
2025-11-24T22:40:13.858+0900 [DEBUG] [org.gradle.cache.internal.DefaultFileLockManager] Waiting to acquire exclusive lock on daemon addresses registry.
2025-11-24T22:40:13.859+0900 [DEBUG] [org.gradle.cache.internal.DefaultFileLockManager] Lock acquired on daemon addresses registry.
2025-11-24T22:40:13.859+0900 [DEBUG] [org.gradle.cache.internal.DefaultFileLockManager] Releasing lock on daemon addresses registry.
2025-11-24T22:40:13.860+0900 [DEBUG] [org.gradle.launcher.daemon.server.DaemonStateCoordinator] resetting idle timer
2025-11-24T22:40:13.860+0900 [DEBUG] [org.gradle.launcher.daemon.server.DaemonStateCoordinator] daemon is running. Sleeping until state changes.
2025-11-24T22:40:13.861+0900 [INFO] [org.gradle.launcher.daemon.server.exec.StartBuildOrRespondWithBusy] Daemon is about to start building Build{id=052d2c31-b600-47fe-b51f-5a3e26efb4dc, currentDir=/home/migowj/git/GDSEMR_ver_0.3}. Dispatching build started information...
2025-11-24T22:40:13.861+0900 [DEBUG] [org.gradle.launcher.daemon.server.SynchronizedDispatchConnection] thread 36: dispatching org.gradle.launcher.daemon.protocol.BuildStarted@60e3b55d
2025-11-24T22:40:13.862+0900 [DEBUG] [org.gradle.launcher.daemon.server.exec.EstablishBuildEnvironment] Configuring env variables: [PATH, XAUTHORITY, LC_MEASUREMENT, XMODIFIERS, LC_TELEPHONE, XDG_DATA_DIRS, GDMSESSION, LC_TIME, PAPERSIZE, GTK_IM_MODULE, DBUS_SESSION_BUS_ADDRESS, XDG_CURRENT_DESKTOP, COLORTERM, LC_PAPER, SDKMAN_DIR, USERNAME, LOGNAME, PWD, SDKMAN_BROKER_API, CODEX_MANAGED_BY_NPM, LANGUAGE, SHELL, LESSOPEN, CODEX_SANDBOX_NETWORK_DISABLED, PATH_TO_FX, LC_ADDRESS, SDKMAN_CANDIDATES_API, OLDPWD, JAVAFX_HOME, GNOME_DESKTOP_SESSION_ID, GNOME_TERMINAL_SCREEN, GTK_MODULES, DEBUGINFOD_URLS, _JAVA_OPTIONS, SYSTEMD_EXEC_PID, LS_COLORS, XDG_SESSION_DESKTOP, GNOME_SETUP_DISPLAY, SHLVL, LC_IDENTIFICATION, QT_IM_MODULES, MEMORY_PRESSURE_WRITE, LESSCLOSE, LC_MONETARY, QT_IM_MODULE, JAVA_HOME, MEMORY_PRESSURE_WATCH, TERM, XDG_CONFIG_DIRS, GNOME_TERMINAL_SERVICE, LANG, XDG_SESSION_TYPE, GRADLE_HOME, DISPLAY, GRADLE_USER_HOME, WAYLAND_DISPLAY, LC_NAME, SDKMAN_CANDIDATES_DIR, XDG_SESSION_CLASS, _, GPG_AGENT_INFO, DESKTOP_SESSION, SDKMAN_PLATFORM, USER, XDG_MENU_PREFIX, QT_ACCESSIBILITY, VTE_VERSION, LC_NUMERIC, SSH_AUTH_SOCK, GNOME_SHELL_SESSION_MODE, XDG_RUNTIME_DIR, HOME]
2025-11-24T22:40:13.867+0900 [DEBUG] [org.gradle.launcher.daemon.server.exec.LogToClient] About to start relaying all logs to the client via the connection.
2025-11-24T22:40:13.867+0900 [INFO] [org.gradle.launcher.daemon.server.exec.LogToClient] The client will now receive all logging from the daemon (pid: 417309). The daemon log file: /home/migowj/git/GDSEMR_ver_0.3/.gradle-local/daemon/9.0.0/daemon-417309.out.log
2025-11-24T22:40:13.869+0900 [DEBUG] [org.gradle.launcher.daemon.server.exec.RequestStopIfSingleUsedDaemon] Requesting daemon stop after processing Build{id=052d2c31-b600-47fe-b51f-5a3e26efb4dc, currentDir=/home/migowj/git/GDSEMR_ver_0.3}
2025-11-24T22:40:13.869+0900 [LIFECYCLE] [org.gradle.launcher.daemon.server.DaemonStateCoordinator] Daemon will be stopped at the end of the build 
2025-11-24T22:40:13.869+0900 [DEBUG] [org.gradle.launcher.daemon.server.DaemonStateCoordinator] Stop as soon as idle requested. The daemon is busy
2025-11-24T22:40:13.869+0900 [DEBUG] [org.gradle.launcher.daemon.server.DaemonStateCoordinator] daemon stop has been requested. Sleeping until state changes.
2025-11-24T22:40:13.873+0900 [DEBUG] [org.gradle.launcher.daemon.server.exec.ExecuteBuild] The daemon has started executing the build.
2025-11-24T22:40:13.874+0900 [DEBUG] [org.gradle.launcher.daemon.server.exec.ExecuteBuild] Executing build with daemon context: DefaultDaemonContext[uid=da327fea-6a82-4a5d-837b-ca2b96da8f1b,javaHome=/usr/lib/jvm/java-21-openjdk-amd64,javaVersion=21,javaVendor=Ubuntu,daemonRegistryDir=/home/migowj/git/GDSEMR_ver_0.3/.gradle-local/daemon,pid=417309,idleTimeout=120000,priority=NORMAL,applyInstrumentationAgent=true,nativeServicesMode=ENABLED,daemonOpts=-Dfile.encoding=UTF-8,-Duser.country=US,-Duser.language=en,-Duser.variant]
Picked up _JAVA_OPTIONS: -Djava.net.preferIPv4Stack=true -Djava.net.preferIPv6Addresses=false

FAILURE: Build failed with an exception.

* What went wrong:
Execution failed for task ':server:resolveMainClassName'.
> Unsupported class file major version 69

* Try:
> Run with --stacktrace option to get the stack trace.
> Run with --info or --debug option to get more log output.
> Run with --scan to generate a Build Scan (Powered by Develocity).
> Get more help at https://help.gradle.org.

BUILD FAILED in 14s
3 actionable tasks: 3 executed
2025-11-24T22:40:26.567+0900 [DEBUG] [org.gradle.launcher.daemon.server.exec.ExecuteBuild] The daemon has finished executing the build.
2025-11-24T22:40:26.572+0900 [DEBUG] [org.gradle.launcher.daemon.server.DaemonStateCoordinator] daemon stop has been requested. Sleeping until state changes.
2025-11-24T22:40:26.572+0900 [DEBUG] [org.gradle.launcher.daemon.server.DaemonStateCoordinator] Command execution: finished waiting for DaemonCommandExecution[command = Build{id=052d2c31-b600-47fe-b51f-5a3e26efb4dc, currentDir=/home/migowj/git/GDSEMR_ver_0.3}, connection = DefaultDaemonConnection: socket connection from /127.0.0.1:41993 to /127.0.0.1:54478]. Result org.gradle.launcher.daemon.server.DaemonStateCoordinator@2a6d1be7 with state StopRequested
2025-11-24T22:40:26.573+0900 [DEBUG] [org.gradle.launcher.daemon.server.DaemonStateCoordinator] Command execution: completed DaemonCommandExecution[command = Build{id=052d2c31-b600-47fe-b51f-5a3e26efb4dc, currentDir=/home/migowj/git/GDSEMR_ver_0.3}, connection = DefaultDaemonConnection: socket connection from /127.0.0.1:41993 to /127.0.0.1:54478]
2025-11-24T22:40:26.573+0900 [DEBUG] [org.gradle.launcher.daemon.server.DaemonStateCoordinator] resetting idle timer
2025-11-24T22:40:26.573+0900 [DEBUG] [org.gradle.launcher.daemon.server.DaemonStateCoordinator] Marking daemon stopped due to command completed and stop requested. The daemon is not running a build
2025-11-24T22:40:26.573+0900 [DEBUG] [org.gradle.launcher.daemon.server.DaemonStateCoordinator] daemon has stopped.
2025-11-24T22:40:26.573+0900 [DEBUG] [org.gradle.launcher.daemon.server.exec.ReturnResult] Daemon is dispatching the build result: Success[value=org.gradle.launcher.exec.BuildActionResult@601f4bb5]
2025-11-24T22:40:26.574+0900 [DEBUG] [org.gradle.launcher.daemon.server.SynchronizedDispatchConnection] thread 33: dispatching Success[value=org.gradle.launcher.exec.BuildActionResult@601f4bb5]
2025-11-24T22:40:26.574+0900 [DEBUG] [org.gradle.launcher.daemon.server.Daemon] stop() called on daemon
2025-11-24T22:40:26.574+0900 [INFO] [org.gradle.launcher.daemon.server.Daemon] Stop requested. Daemon is removing its presence from the registry...
2025-11-24T22:40:26.575+0900 [DEBUG] [org.gradle.launcher.daemon.server.DaemonRegistryUpdater] Removing our presence to clients, eg. removing this address from the registry: [bdad2552-ab33-4a9b-8bb9-f160ca79c501 port:41993, addresses:[localhost/127.0.0.1]]
2025-11-24T22:40:26.575+0900 [DEBUG] [org.gradle.launcher.daemon.registry.PersistentDaemonRegistry] Removing daemon address: [bdad2552-ab33-4a9b-8bb9-f160ca79c501 port:41993, addresses:[localhost/127.0.0.1]]
2025-11-24T22:40:26.575+0900 [DEBUG] [org.gradle.cache.internal.DefaultFileLockManager] Waiting to acquire exclusive lock on daemon addresses registry.
2025-11-24T22:40:26.576+0900 [DEBUG] [org.gradle.cache.internal.DefaultFileLockManager] Lock acquired on daemon addresses registry.
2025-11-24T22:40:26.576+0900 [DEBUG] [org.gradle.cache.internal.DefaultFileLockManager] Releasing lock on daemon addresses registry.
2025-11-24T22:40:26.577+0900 [DEBUG] [org.gradle.launcher.daemon.server.DaemonRegistryUpdater] Address removed from registry.
2025-11-24T22:40:26.580+0900 [DEBUG] [org.gradle.launcher.daemon.server.exec.CleanUpVirtualFileSystemAfterBuild] Cleaning virtual file system after build finished
2025-11-24T22:40:26.580+0900 [DEBUG] [org.gradle.launcher.daemon.server.DefaultIncomingConnectionHandler] Finishing executing command: Build{id=052d2c31-b600-47fe-b51f-5a3e26efb4dc, currentDir=/home/migowj/git/GDSEMR_ver_0.3}
2025-11-24T22:40:26.612+0900 [DEBUG] [org.gradle.launcher.daemon.server.SynchronizedDispatchConnection] thread 34: received class org.gradle.launcher.daemon.protocol.CloseInput
2025-11-24T22:40:26.612+0900 [DEBUG] [org.gradle.launcher.daemon.server.DefaultDaemonConnection] thread 34: Received IO message from client: org.gradle.launcher.daemon.protocol.CloseInput@786384a0
2025-11-24T22:40:26.652+0900 [DEBUG] [org.gradle.launcher.daemon.server.SynchronizedDispatchConnection] thread 34: received class org.gradle.launcher.daemon.protocol.Finished
2025-11-24T22:40:26.652+0900 [DEBUG] [org.gradle.launcher.daemon.server.DefaultDaemonConnection] thread 34: Received non-IO message from client: org.gradle.launcher.daemon.protocol.Finished@7a111bc2
2025-11-24T22:40:26.653+0900 [DEBUG] [org.gradle.launcher.daemon.server.DefaultIncomingConnectionHandler] Received finished message: org.gradle.launcher.daemon.protocol.Finished@7a111bc2
2025-11-24T22:40:26.653+0900 [DEBUG] [org.gradle.launcher.daemon.server.SynchronizedDispatchConnection] thread 33: stopping connection
2025-11-24T22:40:26.654+0900 [DEBUG] [org.gradle.internal.remote.internal.inet.SocketConnection] Discarding EOFException: java.io.EOFException
2025-11-24T22:40:26.654+0900 [DEBUG] [org.gradle.launcher.daemon.server.SynchronizedDispatchConnection] thread 34: received null
2025-11-24T22:40:26.654+0900 [DEBUG] [org.gradle.launcher.daemon.server.DefaultDaemonConnection] thread 34: Received end-of-input from client.
2025-11-24T22:40:26.654+0900 [DEBUG] [org.gradle.launcher.daemon.server.SynchronizedDispatchConnection] thread 33: stopping connection
2025-11-24T22:40:26.655+0900 [DEBUG] [org.gradle.workers.internal.WorkerDaemonClientsManager] Stopping 1 worker daemon(s).
2025-11-24T22:40:26.671+0900 [DEBUG] [org.gradle.process.internal.DefaultExecHandle] Changing state to: SUCCEEDED
2025-11-24T22:40:26.672+0900 [DEBUG] [org.gradle.process.internal.DefaultExecHandle] Process 'Gradle Worker Daemon 1' finished with exit value 0 (state: SUCCEEDED)
2025-11-24T22:40:26.672+0900 [INFO] [org.gradle.workers.internal.WorkerDaemonClientsManager] Stopped 1 worker daemon(s).
2025-11-24T22:40:26.673+0900 [DEBUG] [org.gradle.cache.internal.LockOnDemandCrossProcessCacheAccess] Releasing file lock for jars (/home/migowj/git/GDSEMR_ver_0.3/.gradle-local/caches/jars-9)
2025-11-24T22:40:26.674+0900 [DEBUG] [org.gradle.cache.internal.DefaultFileLockManager] Releasing lock on jars (/home/migowj/git/GDSEMR_ver_0.3/.gradle-local/caches/jars-9).
2025-11-24T22:40:26.674+0900 [DEBUG] [org.gradle.cache.internal.DefaultCacheCleanupExecutor] jars (/home/migowj/git/GDSEMR_ver_0.3/.gradle-local/caches/jars-9) has last been fully cleaned up 0 hours ago
2025-11-24T22:40:26.674+0900 [DEBUG] [org.gradle.cache.internal.DefaultCacheCleanupExecutor] Skipping cleanup for jars (/home/migowj/git/GDSEMR_ver_0.3/.gradle-local/caches/jars-9) as it is not yet due
2025-11-24T22:40:26.674+0900 [DEBUG] [org.gradle.cache.internal.LockOnDemandCrossProcessCacheAccess] Releasing file lock for file content cache (/home/migowj/git/GDSEMR_ver_0.3/.gradle-local/caches/9.0.0/fileContent)
2025-11-24T22:40:26.675+0900 [DEBUG] [org.gradle.cache.internal.DefaultFileLockManager] Releasing lock on file content cache (/home/migowj/git/GDSEMR_ver_0.3/.gradle-local/caches/9.0.0/fileContent).
2025-11-24T22:40:26.675+0900 [DEBUG] [org.gradle.internal.watch.vfs.impl.WatchingVirtualFileSystem] Closing VFS, dropping state
2025-11-24T22:40:26.679+0900 [DEBUG] [org.gradle.cache.internal.DefaultCacheCoordinator] Cache Generated Gradle JARs cache (/home/migowj/git/GDSEMR_ver_0.3/.gradle-local/caches/9.0.0/generated-gradle-jars) was closed 0 times.
2025-11-24T22:40:26.679+0900 [DEBUG] [org.gradle.internal.watch.registry.impl.DefaultFileWatcherRegistry] Finished listening to file system change events
2025-11-24T22:40:26.680+0900 [DEBUG] [org.gradle.cache.internal.LockOnDemandCrossProcessCacheAccess] Releasing file lock for artifact cache (/home/migowj/git/GDSEMR_ver_0.3/.gradle-local/caches/modules-2)
2025-11-24T22:40:26.680+0900 [DEBUG] [org.gradle.cache.internal.btree.BTreePersistentIndexedCache] Closing cache module-artifact.bin (/home/migowj/git/GDSEMR_ver_0.3/.gradle-local/caches/modules-2/metadata-2.107/module-artifact.bin)
2025-11-24T22:40:26.680+0900 [DEBUG] [org.gradle.cache.internal.btree.BTreePersistentIndexedCache] Closing cache module-metadata.bin (/home/migowj/git/GDSEMR_ver_0.3/.gradle-local/caches/modules-2/metadata-2.107/module-metadata.bin)
2025-11-24T22:40:26.680+0900 [DEBUG] [org.gradle.cache.internal.btree.BTreePersistentIndexedCache] Closing cache resource-at-url.bin (/home/migowj/git/GDSEMR_ver_0.3/.gradle-local/caches/modules-2/metadata-2.107/resource-at-url.bin)
2025-11-24T22:40:26.680+0900 [DEBUG] [org.gradle.cache.internal.DefaultFileLockManager] Releasing lock on artifact cache (/home/migowj/git/GDSEMR_ver_0.3/.gradle-local/caches/modules-2).
2025-11-24T22:40:26.680+0900 [DEBUG] [org.gradle.cache.internal.DefaultCacheCleanupExecutor] artifact cache (/home/migowj/git/GDSEMR_ver_0.3/.gradle-local/caches/modules-2) has last been fully cleaned up 0 hours ago
2025-11-24T22:40:26.680+0900 [DEBUG] [org.gradle.cache.internal.DefaultCacheCleanupExecutor] Skipping cleanup for artifact cache (/home/migowj/git/GDSEMR_ver_0.3/.gradle-local/caches/modules-2) as it is not yet due
2025-11-24T22:40:26.681+0900 [DEBUG] [org.gradle.cache.internal.DefaultCacheCleanupExecutor] groovy-dsl (/home/migowj/git/GDSEMR_ver_0.3/.gradle-local/caches/9.0.0/groovy-dsl) has last been fully cleaned up 0 hours ago
2025-11-24T22:40:26.681+0900 [DEBUG] [org.gradle.cache.internal.DefaultCacheCleanupExecutor] Skipping cleanup for groovy-dsl (/home/migowj/git/GDSEMR_ver_0.3/.gradle-local/caches/9.0.0/groovy-dsl) as it is not yet due
2025-11-24T22:40:26.681+0900 [DEBUG] [org.gradle.cache.internal.DefaultCacheCoordinator] Cache groovy-dsl (/home/migowj/git/GDSEMR_ver_0.3/.gradle-local/caches/9.0.0/groovy-dsl) was closed 0 times.
2025-11-24T22:40:26.681+0900 [DEBUG] [org.gradle.cache.internal.DefaultCacheCleanupExecutor] Artifact transforms cache (/home/migowj/git/GDSEMR_ver_0.3/.gradle-local/caches/9.0.0/transforms) has last been fully cleaned up 0 hours ago
2025-11-24T22:40:26.681+0900 [DEBUG] [org.gradle.cache.internal.DefaultCacheCleanupExecutor] Skipping cleanup for Artifact transforms cache (/home/migowj/git/GDSEMR_ver_0.3/.gradle-local/caches/9.0.0/transforms) as it is not yet due
2025-11-24T22:40:26.681+0900 [DEBUG] [org.gradle.cache.internal.DefaultCacheCoordinator] Cache Artifact transforms cache (/home/migowj/git/GDSEMR_ver_0.3/.gradle-local/caches/9.0.0/transforms) was closed 0 times.
2025-11-24T22:40:26.681+0900 [DEBUG] [org.gradle.cache.internal.LockOnDemandCrossProcessCacheAccess] Releasing file lock for journal cache (/home/migowj/git/GDSEMR_ver_0.3/.gradle-local/caches/journal-1)
2025-11-24T22:40:26.681+0900 [DEBUG] [org.gradle.cache.internal.btree.BTreePersistentIndexedCache] Closing cache file-access.bin (/home/migowj/git/GDSEMR_ver_0.3/.gradle-local/caches/journal-1/file-access.bin)
2025-11-24T22:40:26.681+0900 [DEBUG] [org.gradle.cache.internal.DefaultFileLockManager] Releasing lock on journal cache (/home/migowj/git/GDSEMR_ver_0.3/.gradle-local/caches/journal-1).
2025-11-24T22:40:26.682+0900 [DEBUG] [org.gradle.cache.internal.LockOnDemandCrossProcessCacheAccess] Releasing file lock for file hash cache (/home/migowj/git/GDSEMR_ver_0.3/.gradle-local/caches/9.0.0/fileHashes)
2025-11-24T22:40:26.682+0900 [DEBUG] [org.gradle.cache.internal.btree.BTreePersistentIndexedCache] Closing cache fileHashes.bin (/home/migowj/git/GDSEMR_ver_0.3/.gradle-local/caches/9.0.0/fileHashes/fileHashes.bin)
2025-11-24T22:40:26.682+0900 [DEBUG] [org.gradle.cache.internal.btree.BTreePersistentIndexedCache] Closing cache resourceHashesCache.bin (/home/migowj/git/GDSEMR_ver_0.3/.gradle-local/caches/9.0.0/fileHashes/resourceHashesCache.bin)
2025-11-24T22:40:26.682+0900 [DEBUG] [org.gradle.cache.internal.DefaultFileLockManager] Releasing lock on file hash cache (/home/migowj/git/GDSEMR_ver_0.3/.gradle-local/caches/9.0.0/fileHashes).
2025-11-24T22:40:26.682+0900 [DEBUG] [org.gradle.cache.internal.LockOnDemandCrossProcessCacheAccess] Releasing file lock for Java compile cache (/home/migowj/git/GDSEMR_ver_0.3/.gradle-local/caches/9.0.0/javaCompile)
2025-11-24T22:40:26.683+0900 [DEBUG] [org.gradle.cache.internal.btree.BTreePersistentIndexedCache] Closing cache jarAnalysis.bin (/home/migowj/git/GDSEMR_ver_0.3/.gradle-local/caches/9.0.0/javaCompile/jarAnalysis.bin)
2025-11-24T22:40:26.683+0900 [DEBUG] [org.gradle.cache.internal.btree.BTreePersistentIndexedCache] Closing cache classAnalysis.bin (/home/migowj/git/GDSEMR_ver_0.3/.gradle-local/caches/9.0.0/javaCompile/classAnalysis.bin)
2025-11-24T22:40:26.683+0900 [DEBUG] [org.gradle.cache.internal.DefaultFileLockManager] Releasing lock on Java compile cache (/home/migowj/git/GDSEMR_ver_0.3/.gradle-local/caches/9.0.0/javaCompile).
2025-11-24T22:40:26.684+0900 [DEBUG] [org.gradle.internal.operations.DefaultBuildOperationRunner] Build operation 'Deleting unused version-specific caches in /home/migowj/git/GDSEMR_ver_0.3/.gradle-local/caches' started
2025-11-24T22:40:26.684+0900 [DEBUG] [org.gradle.internal.operations.DefaultBuildOperationRunner] Completing Build operation 'Deleting unused version-specific caches in /home/migowj/git/GDSEMR_ver_0.3/.gradle-local/caches'
2025-11-24T22:40:26.684+0900 [DEBUG] [org.gradle.internal.operations.DefaultBuildOperationRunner] Build operation 'Deleting unused version-specific caches in /home/migowj/git/GDSEMR_ver_0.3/.gradle-local/caches' completed
2025-11-24T22:40:26.684+0900 [DEBUG] [org.gradle.launcher.daemon.server.Daemon] stop() called on daemon
2025-11-24T22:40:26.684+0900 [INFO] [org.gradle.launcher.daemon.server.Daemon] Stop requested. Daemon is removing its presence from the registry...
2025-11-24T22:40:26.684+0900 [DEBUG] [org.gradle.launcher.daemon.server.DaemonRegistryUpdater] Removing our presence to clients, eg. removing this address from the registry: [bdad2552-ab33-4a9b-8bb9-f160ca79c501 port:41993, addresses:[localhost/127.0.0.1]]
2025-11-24T22:40:26.684+0900 [DEBUG] [org.gradle.launcher.daemon.registry.PersistentDaemonRegistry] Removing daemon address: [bdad2552-ab33-4a9b-8bb9-f160ca79c501 port:41993, addresses:[localhost/127.0.0.1]]
2025-11-24T22:40:26.684+0900 [DEBUG] [org.gradle.cache.internal.DefaultFileLockManager] Waiting to acquire exclusive lock on daemon addresses registry.
2025-11-24T22:40:26.685+0900 [DEBUG] [org.gradle.cache.internal.DefaultFileLockManager] Lock acquired on daemon addresses registry.
2025-11-24T22:40:26.685+0900 [DEBUG] [org.gradle.cache.internal.DefaultFileLockManager] Releasing lock on daemon addresses registry.
2025-11-24T22:40:26.685+0900 [DEBUG] [org.gradle.launcher.daemon.server.DaemonRegistryUpdater] Address removed from registry.
2025-11-24T22:40:26.685+0900 [DEBUG] [org.gradle.cache.internal.locklistener.DefaultFileLockContentionHandler] File lock listener thread completed.
2025-11-24T22:40:26.687+0900 [DEBUG] [java.lang.Runtime] Runtime.exit() called with status: 0
java.lang.Throwable: Runtime.exit(0)
	at java.base/java.lang.Shutdown.logRuntimeExit(Shutdown.java:179)
	at java.base/java.lang.Shutdown.exit(Shutdown.java:160)
	at java.base/java.lang.Runtime.exit(Runtime.java:188)
	at java.base/java.lang.System.exit(System.java:1920)
	at org.gradle.launcher.bootstrap.ProcessCompleter.complete(ProcessCompleter.java:21)
	at org.gradle.launcher.bootstrap.EntryPoint.run(EntryPoint.java:62)
	at java.base/jdk.internal.reflect.DirectMethodHandleAccessor.invoke(DirectMethodHandleAccessor.java:103)
	at java.base/java.lang.reflect.Method.invoke(Method.java:580)
	at org.gradle.launcher.bootstrap.ProcessBootstrap.runNoExit(ProcessBootstrap.java:72)
	at org.gradle.launcher.bootstrap.ProcessBootstrap.run(ProcessBootstrap.java:39)
	at org.gradle.launcher.daemon.bootstrap.GradleDaemon.main(GradleDaemon.java:22)
2025-11-24T22:40:26.688+0900 [DEBUG] [org.gradle.launcher.daemon.registry.PersistentDaemonRegistry] Removing daemon address: [bdad2552-ab33-4a9b-8bb9-f160ca79c501 port:41993, addresses:[localhost/127.0.0.1]]
Daemon vm is shutting down... The daemon has exited normally or was terminated in response to a user interrupt.
2025-11-24T22:40:26.688+0900 [DEBUG] [org.gradle.launcher.daemon.server.Daemon] VM shutdown hook was unable to remove the daemon address from the registry. It will be cleaned up later.
java.lang.IllegalStateException: Cannot start managing file contention because this handler has been closed.
	at org.gradle.cache.internal.locklistener.DefaultFileLockContentionHandler.assertNotStopped(DefaultFileLockContentionHandler.java:248)
	at org.gradle.cache.internal.locklistener.DefaultFileLockContentionHandler.reservePort(DefaultFileLockContentionHandler.java:286)
	at org.gradle.cache.internal.DefaultFileLockManager.lock(DefaultFileLockManager.java:124)
	at org.gradle.cache.internal.DefaultFileLockManager.lock(DefaultFileLockManager.java:106)
	at org.gradle.cache.internal.DefaultFileLockManager.lock(DefaultFileLockManager.java:101)
	at org.gradle.cache.internal.OnDemandFileAccess.updateFile(OnDemandFileAccess.java:51)
	at org.gradle.cache.internal.FileBackedObjectHolder.update(FileBackedObjectHolder.java:77)
	at org.gradle.cache.internal.FileIntegrityViolationSuppressingObjectHolderDecorator.lambda$update$0(FileIntegrityViolationSuppressingObjectHolderDecorator.java:48)
	at org.gradle.cache.internal.FileIntegrityViolationSuppressingObjectHolderDecorator.doUpdate(FileIntegrityViolationSuppressingObjectHolderDecorator.java:58)
	at org.gradle.cache.internal.FileIntegrityViolationSuppressingObjectHolderDecorator.update(FileIntegrityViolationSuppressingObjectHolderDecorator.java:48)
	at org.gradle.launcher.daemon.registry.PersistentDaemonRegistry.remove(PersistentDaemonRegistry.java:133)
	at org.gradle.launcher.daemon.server.Daemon$1.run(Daemon.java:133)
	at java.base/java.lang.Thread.run(Thread.java:1583)
