2025-11-24T22:41:17.211+0900 [DEBUG] [org.gradle.launcher.daemon.bootstrap.DaemonMain] Assuming the daemon was started with following jvm opts: [-Dfile.encoding=UTF-8, -Duser.country=US, -Duser.language=en, -Duser.variant]
2025-11-24T22:41:17.328+0900 [DEBUG] [org.gradle.internal.remote.internal.inet.InetAddresses] Adding IP addresses for network interface vmnet8
2025-11-24T22:41:17.328+0900 [DEBUG] [org.gradle.internal.remote.internal.inet.InetAddresses] Is this a loopback interface? false
2025-11-24T22:41:17.329+0900 [DEBUG] [org.gradle.internal.remote.internal.inet.InetAddresses] Adding remote address /172.16.117.1
2025-11-24T22:41:17.329+0900 [DEBUG] [org.gradle.internal.remote.internal.inet.InetAddresses] Adding IP addresses for network interface vmnet1
2025-11-24T22:41:17.329+0900 [DEBUG] [org.gradle.internal.remote.internal.inet.InetAddresses] Is this a loopback interface? false
2025-11-24T22:41:17.329+0900 [DEBUG] [org.gradle.internal.remote.internal.inet.InetAddresses] Adding remote address /172.16.189.1
2025-11-24T22:41:17.330+0900 [DEBUG] [org.gradle.internal.remote.internal.inet.InetAddresses] Adding IP addresses for network interface enp0s31f6
2025-11-24T22:41:17.330+0900 [DEBUG] [org.gradle.internal.remote.internal.inet.InetAddresses] Is this a loopback interface? false
2025-11-24T22:41:17.330+0900 [DEBUG] [org.gradle.internal.remote.internal.inet.InetAddresses] Adding remote address /175.209.193.50
2025-11-24T22:41:17.330+0900 [DEBUG] [org.gradle.internal.remote.internal.inet.InetAddresses] Adding IP addresses for network interface lo
2025-11-24T22:41:17.330+0900 [DEBUG] [org.gradle.internal.remote.internal.inet.InetAddresses] Is this a loopback interface? true
2025-11-24T22:41:17.331+0900 [DEBUG] [org.gradle.internal.remote.internal.inet.InetAddresses] Adding loopback address /127.0.0.1
2025-11-24T22:41:17.365+0900 [INFO] [org.gradle.launcher.daemon.server.Daemon] start() called on daemon - DefaultDaemonContext[uid=d7d33dcd-885e-44ff-89bd-02430c51676e,javaHome=/usr/lib/jvm/java-21-openjdk-amd64,javaVersion=21,javaVendor=Ubuntu,daemonRegistryDir=/home/migowj/git/GDSEMR_ver_0.3/.gradle-local/daemon,pid=421267,idleTimeout=120000,priority=NORMAL,applyInstrumentationAgent=true,nativeServicesMode=ENABLED,daemonOpts=-Dfile.encoding=UTF-8,-Duser.country=US,-Duser.language=en,-Duser.variant]
2025-11-24T22:41:17.386+0900 [DEBUG] [org.gradle.internal.remote.internal.inet.TcpIncomingConnector] Listening on [7901d726-de5c-4bfb-bef7-69b237db3dab port:45343, addresses:[localhost/127.0.0.1]].
2025-11-24T22:41:17.400+0900 [DEBUG] [org.gradle.launcher.daemon.server.Daemon] Daemon starting at: Mon Nov 24 22:41:17 KST 2025, with address: [7901d726-de5c-4bfb-bef7-69b237db3dab port:45343, addresses:[localhost/127.0.0.1]]
2025-11-24T22:41:17.401+0900 [INFO] [org.gradle.launcher.daemon.server.DaemonRegistryUpdater] Advertising the daemon address to the clients: [7901d726-de5c-4bfb-bef7-69b237db3dab port:45343, addresses:[localhost/127.0.0.1]]
2025-11-24T22:41:17.401+0900 [DEBUG] [org.gradle.launcher.daemon.server.DaemonRegistryUpdater] Advertised daemon context: DefaultDaemonContext[uid=d7d33dcd-885e-44ff-89bd-02430c51676e,javaHome=/usr/lib/jvm/java-21-openjdk-amd64,javaVersion=21,javaVendor=Ubuntu,daemonRegistryDir=/home/migowj/git/GDSEMR_ver_0.3/.gradle-local/daemon,pid=421267,idleTimeout=120000,priority=NORMAL,applyInstrumentationAgent=true,nativeServicesMode=ENABLED,daemonOpts=-Dfile.encoding=UTF-8,-Duser.country=US,-Duser.language=en,-Duser.variant]
2025-11-24T22:41:17.402+0900 [DEBUG] [org.gradle.launcher.daemon.registry.PersistentDaemonRegistry] Storing daemon address: [7901d726-de5c-4bfb-bef7-69b237db3dab port:45343, addresses:[localhost/127.0.0.1]], context: DefaultDaemonContext[uid=d7d33dcd-885e-44ff-89bd-02430c51676e,javaHome=/usr/lib/jvm/java-21-openjdk-amd64,javaVersion=21,javaVendor=Ubuntu,daemonRegistryDir=/home/migowj/git/GDSEMR_ver_0.3/.gradle-local/daemon,pid=421267,idleTimeout=120000,priority=NORMAL,applyInstrumentationAgent=true,nativeServicesMode=ENABLED,daemonOpts=-Dfile.encoding=UTF-8,-Duser.country=US,-Duser.language=en,-Duser.variant]
2025-11-24T22:41:17.408+0900 [DEBUG] [org.gradle.cache.internal.DefaultFileLockManager] Waiting to acquire exclusive lock on daemon addresses registry.
2025-11-24T22:41:17.411+0900 [DEBUG] [org.gradle.cache.internal.DefaultFileLockManager] Lock acquired on daemon addresses registry.
2025-11-24T22:41:17.414+0900 [DEBUG] [org.gradle.cache.internal.DefaultFileLockManager] Releasing lock on daemon addresses registry.
2025-11-24T22:41:17.415+0900 [LIFECYCLE] [org.gradle.launcher.daemon.server.Daemon] Daemon server started.
2025-11-24T22:41:17.416+0900 [DEBUG] [org.gradle.launcher.daemon.bootstrap.DaemonStartupCommunication] Completed writing the daemon greeting. Closing streams...
2025-11-24T22:41:17.425+0900 [DEBUG] [org.gradle.launcher.daemon.server.Daemon] stopOnExpiration() called on daemon
2025-11-24T22:41:17.426+0900 [DEBUG] [org.gradle.launcher.daemon.server.Daemon] awaitExpiration() called on daemon
2025-11-24T22:41:17.426+0900 [DEBUG] [org.gradle.launcher.daemon.server.DaemonStateCoordinator] daemon is running. Sleeping until state changes.
2025-11-24T22:41:17.431+0900 [DEBUG] [org.gradle.internal.remote.internal.inet.TcpIncomingConnector] Accepted connection from /127.0.0.1:52092 to /127.0.0.1:45343.
2025-11-24T22:41:17.456+0900 [DEBUG] [org.gradle.launcher.daemon.server.SynchronizedDispatchConnection] thread 34: received class org.gradle.launcher.daemon.protocol.Build
2025-11-24T22:41:17.456+0900 [DEBUG] [org.gradle.launcher.daemon.server.DefaultDaemonConnection] thread 34: Received non-IO message from client: Build{id=270fd98d-6494-4286-86c4-cf9684220041, currentDir=/home/migowj/git/GDSEMR_ver_0.3}
2025-11-24T22:41:17.456+0900 [INFO] [org.gradle.launcher.daemon.server.DefaultIncomingConnectionHandler] Received command: Build{id=270fd98d-6494-4286-86c4-cf9684220041, currentDir=/home/migowj/git/GDSEMR_ver_0.3}.
2025-11-24T22:41:17.457+0900 [DEBUG] [org.gradle.launcher.daemon.server.DefaultIncomingConnectionHandler] Starting executing command: Build{id=270fd98d-6494-4286-86c4-cf9684220041, currentDir=/home/migowj/git/GDSEMR_ver_0.3} with connection: socket connection from /127.0.0.1:45343 to /127.0.0.1:52092.
2025-11-24T22:41:17.459+0900 [DEBUG] [org.gradle.launcher.daemon.server.DaemonStateCoordinator] Command execution: started DaemonCommandExecution[command = Build{id=270fd98d-6494-4286-86c4-cf9684220041, currentDir=/home/migowj/git/GDSEMR_ver_0.3}, connection = DefaultDaemonConnection: socket connection from /127.0.0.1:45343 to /127.0.0.1:52092] after 0.00125 minutes of idle
2025-11-24T22:41:17.459+0900 [INFO] [org.gradle.launcher.daemon.server.DaemonRegistryUpdater] Marking the daemon as busy, address: [7901d726-de5c-4bfb-bef7-69b237db3dab port:45343, addresses:[localhost/127.0.0.1]]
2025-11-24T22:41:17.459+0900 [DEBUG] [org.gradle.launcher.daemon.registry.PersistentDaemonRegistry] Marking busy by address: [7901d726-de5c-4bfb-bef7-69b237db3dab port:45343, addresses:[localhost/127.0.0.1]]
2025-11-24T22:41:17.460+0900 [DEBUG] [org.gradle.cache.internal.DefaultFileLockManager] Waiting to acquire exclusive lock on daemon addresses registry.
2025-11-24T22:41:17.460+0900 [DEBUG] [org.gradle.cache.internal.DefaultFileLockManager] Lock acquired on daemon addresses registry.
2025-11-24T22:41:17.461+0900 [DEBUG] [org.gradle.cache.internal.DefaultFileLockManager] Releasing lock on daemon addresses registry.
2025-11-24T22:41:17.461+0900 [DEBUG] [org.gradle.launcher.daemon.server.DaemonStateCoordinator] resetting idle timer
2025-11-24T22:41:17.461+0900 [DEBUG] [org.gradle.launcher.daemon.server.DaemonStateCoordinator] daemon is running. Sleeping until state changes.
2025-11-24T22:41:17.462+0900 [INFO] [org.gradle.launcher.daemon.server.exec.StartBuildOrRespondWithBusy] Daemon is about to start building Build{id=270fd98d-6494-4286-86c4-cf9684220041, currentDir=/home/migowj/git/GDSEMR_ver_0.3}. Dispatching build started information...
2025-11-24T22:41:17.462+0900 [DEBUG] [org.gradle.launcher.daemon.server.SynchronizedDispatchConnection] thread 36: dispatching org.gradle.launcher.daemon.protocol.BuildStarted@60e3b55d
2025-11-24T22:41:17.464+0900 [DEBUG] [org.gradle.launcher.daemon.server.exec.EstablishBuildEnvironment] Configuring env variables: [PATH, XAUTHORITY, LC_MEASUREMENT, XMODIFIERS, LC_TELEPHONE, XDG_DATA_DIRS, GDMSESSION, LC_TIME, PAPERSIZE, GTK_IM_MODULE, DBUS_SESSION_BUS_ADDRESS, XDG_CURRENT_DESKTOP, COLORTERM, LC_PAPER, SDKMAN_DIR, USERNAME, LOGNAME, PWD, SDKMAN_BROKER_API, CODEX_MANAGED_BY_NPM, LANGUAGE, SHELL, LESSOPEN, CODEX_SANDBOX_NETWORK_DISABLED, PATH_TO_FX, LC_ADDRESS, SDKMAN_CANDIDATES_API, OLDPWD, JAVAFX_HOME, GNOME_DESKTOP_SESSION_ID, GNOME_TERMINAL_SCREEN, GTK_MODULES, DEBUGINFOD_URLS, _JAVA_OPTIONS, SYSTEMD_EXEC_PID, LS_COLORS, XDG_SESSION_DESKTOP, GNOME_SETUP_DISPLAY, SHLVL, LC_IDENTIFICATION, QT_IM_MODULES, MEMORY_PRESSURE_WRITE, LESSCLOSE, LC_MONETARY, QT_IM_MODULE, JAVA_HOME, MEMORY_PRESSURE_WATCH, TERM, XDG_CONFIG_DIRS, GNOME_TERMINAL_SERVICE, LANG, XDG_SESSION_TYPE, GRADLE_HOME, DISPLAY, GRADLE_USER_HOME, WAYLAND_DISPLAY, LC_NAME, SDKMAN_CANDIDATES_DIR, XDG_SESSION_CLASS, _, GPG_AGENT_INFO, DESKTOP_SESSION, SDKMAN_PLATFORM, USER, XDG_MENU_PREFIX, QT_ACCESSIBILITY, VTE_VERSION, LC_NUMERIC, SSH_AUTH_SOCK, GNOME_SHELL_SESSION_MODE, XDG_RUNTIME_DIR, HOME]
2025-11-24T22:41:17.469+0900 [DEBUG] [org.gradle.launcher.daemon.server.exec.LogToClient] About to start relaying all logs to the client via the connection.
2025-11-24T22:41:17.470+0900 [INFO] [org.gradle.launcher.daemon.server.exec.LogToClient] The client will now receive all logging from the daemon (pid: 421267). The daemon log file: /home/migowj/git/GDSEMR_ver_0.3/.gradle-local/daemon/9.0.0/daemon-421267.out.log
2025-11-24T22:41:17.471+0900 [DEBUG] [org.gradle.launcher.daemon.server.exec.RequestStopIfSingleUsedDaemon] Requesting daemon stop after processing Build{id=270fd98d-6494-4286-86c4-cf9684220041, currentDir=/home/migowj/git/GDSEMR_ver_0.3}
2025-11-24T22:41:17.472+0900 [LIFECYCLE] [org.gradle.launcher.daemon.server.DaemonStateCoordinator] Daemon will be stopped at the end of the build 
2025-11-24T22:41:17.472+0900 [DEBUG] [org.gradle.launcher.daemon.server.DaemonStateCoordinator] Stop as soon as idle requested. The daemon is busy
2025-11-24T22:41:17.472+0900 [DEBUG] [org.gradle.launcher.daemon.server.DaemonStateCoordinator] daemon stop has been requested. Sleeping until state changes.
2025-11-24T22:41:17.475+0900 [DEBUG] [org.gradle.launcher.daemon.server.exec.ExecuteBuild] The daemon has started executing the build.
2025-11-24T22:41:17.475+0900 [DEBUG] [org.gradle.launcher.daemon.server.exec.ExecuteBuild] Executing build with daemon context: DefaultDaemonContext[uid=d7d33dcd-885e-44ff-89bd-02430c51676e,javaHome=/usr/lib/jvm/java-21-openjdk-amd64,javaVersion=21,javaVendor=Ubuntu,daemonRegistryDir=/home/migowj/git/GDSEMR_ver_0.3/.gradle-local/daemon,pid=421267,idleTimeout=120000,priority=NORMAL,applyInstrumentationAgent=true,nativeServicesMode=ENABLED,daemonOpts=-Dfile.encoding=UTF-8,-Duser.country=US,-Duser.language=en,-Duser.variant]
Picked up _JAVA_OPTIONS: -Djava.net.preferIPv4Stack=true -Djava.net.preferIPv6Addresses=false

  .   ____          _            __ _ _
 /\\ / ___'_ __ _ _(_)_ __  __ _ \ \ \ \
( ( )\___ | '_ | '_| | '_ \/ _` | \ \ \ \
 \\/  ___)| |_)| | | | | || (_| |  ) ) ) )
  '  |____| .__|_| |_|_| |_\__, | / / / /
 =========|_|==============|___/=/_/_/_/

 :: Spring Boot ::                (v3.3.5)

2025-11-24T22:41:23.714+09:00  INFO 421439 --- [gds-emr-server] [           main] c.e.gds.server.GdsEmrServerApplication   : Starting GdsEmrServerApplication using Java 21.0.9-ea with PID 421439 (/home/migowj/git/GDSEMR_ver_0.3/server/build/classes/java/main started by migowj in /home/migowj/git/GDSEMR_ver_0.3/server)
2025-11-24T22:41:23.717+09:00  INFO 421439 --- [gds-emr-server] [           main] c.e.gds.server.GdsEmrServerApplication   : No active profile set, falling back to 1 default profile: "default"
2025-11-24T22:41:24.314+09:00  INFO 421439 --- [gds-emr-server] [           main] o.s.b.w.embedded.tomcat.TomcatWebServer  : Tomcat initialized with port 8080 (http)
2025-11-24T22:41:24.324+09:00  INFO 421439 --- [gds-emr-server] [           main] o.apache.catalina.core.StandardService   : Starting service [Tomcat]
2025-11-24T22:41:24.324+09:00  INFO 421439 --- [gds-emr-server] [           main] o.apache.catalina.core.StandardEngine    : Starting Servlet engine: [Apache Tomcat/10.1.31]
2025-11-24T22:41:24.356+09:00  INFO 421439 --- [gds-emr-server] [           main] o.a.c.c.C.[Tomcat].[localhost].[/]       : Initializing Spring embedded WebApplicationContext
2025-11-24T22:41:24.357+09:00  INFO 421439 --- [gds-emr-server] [           main] w.s.c.ServletWebServerApplicationContext : Root WebApplicationContext: initialization completed in 606 ms
2025-11-24T22:41:24.597+09:00  INFO 421439 --- [gds-emr-server] [           main] o.s.b.w.embedded.tomcat.TomcatWebServer  : Tomcat started on port 8080 (http) with context path '/'
2025-11-24T22:41:24.603+09:00  INFO 421439 --- [gds-emr-server] [           main] c.e.gds.server.GdsEmrServerApplication   : Started GdsEmrServerApplication in 1.181 seconds (process running for 1.398)
thread 34: client disconnection detected, canceling the build
Daemon is stopping immediately the build was canceled after a stop was requested
Unable to execute command Build{id=270fd98d-6494-4286-86c4-cf9684220041, currentDir=/home/migowj/git/GDSEMR_ver_0.3} from socket connection from /127.0.0.1:45343 to /127.0.0.1:52092. Dispatching the failure to the daemon client
org.gradle.internal.remote.internal.MessageIOException: Could not write '/127.0.0.1:52092'.
	at org.gradle.internal.remote.internal.inet.SocketConnection.flush(SocketConnection.java:142)
	at org.gradle.launcher.daemon.server.SynchronizedDispatchConnection.dispatchAndFlush(SynchronizedDispatchConnection.java:57)
	at org.gradle.launcher.daemon.server.DefaultDaemonConnection.completed(DefaultDaemonConnection.java:150)
	at org.gradle.launcher.daemon.server.exec.ReturnResult.execute(ReturnResult.java:41)
	at org.gradle.launcher.daemon.server.api.DaemonCommandExecution.proceed(DaemonCommandExecution.java:104)
	at org.gradle.launcher.daemon.server.exec.CleanUpVirtualFileSystemAfterBuild.doBuild(CleanUpVirtualFileSystemAfterBuild.java:58)
	at org.gradle.launcher.daemon.server.exec.BuildCommandOnly.execute(BuildCommandOnly.java:37)
	at org.gradle.launcher.daemon.server.api.DaemonCommandExecution.proceed(DaemonCommandExecution.java:104)
	at org.gradle.launcher.daemon.server.api.HandleReportStatus.execute(HandleReportStatus.java:35)
	at org.gradle.launcher.daemon.server.api.DaemonCommandExecution.proceed(DaemonCommandExecution.java:104)
	at org.gradle.launcher.daemon.server.exec.HandleCancel.execute(HandleCancel.java:39)
	at org.gradle.launcher.daemon.server.api.DaemonCommandExecution.proceed(DaemonCommandExecution.java:104)
	at org.gradle.launcher.daemon.server.api.HandleInvalidateVirtualFileSystem.execute(HandleInvalidateVirtualFileSystem.java:46)
	at org.gradle.launcher.daemon.server.api.DaemonCommandExecution.proceed(DaemonCommandExecution.java:104)
	at org.gradle.launcher.daemon.server.api.HandleStop.execute(HandleStop.java:46)
	at org.gradle.launcher.daemon.server.api.DaemonCommandExecution.proceed(DaemonCommandExecution.java:104)
	at org.gradle.launcher.daemon.server.exec.DaemonCommandExecuter.executeCommand(DaemonCommandExecuter.java:55)
	at org.gradle.launcher.daemon.server.DefaultIncomingConnectionHandler$ConnectionWorker.handleCommand(DefaultIncomingConnectionHandler.java:161)
	at org.gradle.launcher.daemon.server.DefaultIncomingConnectionHandler$ConnectionWorker.receiveAndHandleCommand(DefaultIncomingConnectionHandler.java:134)
	at org.gradle.launcher.daemon.server.DefaultIncomingConnectionHandler$ConnectionWorker.run(DefaultIncomingConnectionHandler.java:122)
	at org.gradle.internal.concurrent.ExecutorPolicy$CatchAndRecordFailures.onExecute(ExecutorPolicy.java:64)
	at org.gradle.internal.concurrent.AbstractManagedExecutor$1.run(AbstractManagedExecutor.java:47)
	at java.base/java.util.concurrent.ThreadPoolExecutor.runWorker(ThreadPoolExecutor.java:1144)
	at java.base/java.util.concurrent.ThreadPoolExecutor$Worker.run(ThreadPoolExecutor.java:642)
	at java.base/java.lang.Thread.run(Thread.java:1583)
Caused by: java.io.IOException: Broken pipe
	at java.base/sun.nio.ch.SocketDispatcher.write0(Native Method)
	at java.base/sun.nio.ch.SocketDispatcher.write(SocketDispatcher.java:62)
	at java.base/sun.nio.ch.IOUtil.writeFromNativeBuffer(IOUtil.java:137)
	at java.base/sun.nio.ch.IOUtil.write(IOUtil.java:81)
	at java.base/sun.nio.ch.IOUtil.write(IOUtil.java:58)
	at java.base/sun.nio.ch.SocketChannelImpl.write(SocketChannelImpl.java:542)
	at org.gradle.internal.remote.internal.inet.SocketConnection$SocketOutputStream.writeWithNonBlockingRetry(SocketConnection.java:282)
	at org.gradle.internal.remote.internal.inet.SocketConnection$SocketOutputStream.writeBufferToChannel(SocketConnection.java:269)
	at org.gradle.internal.remote.internal.inet.SocketConnection$SocketOutputStream.flush(SocketConnection.java:263)
	at org.gradle.internal.remote.internal.inet.SocketConnection.flush(SocketConnection.java:140)
	... 24 more
Daemon vm is shutting down... The daemon has exited normally or was terminated in response to a user interrupt.
Remove shutdown hook failed
java.lang.IllegalStateException: Shutdown in progress
	at java.base/java.lang.ApplicationShutdownHooks.remove(ApplicationShutdownHooks.java:83)
	at java.base/java.lang.Runtime.removeShutdownHook(Runtime.java:281)
	at org.gradle.process.internal.shutdown.ShutdownHooks.removeShutdownHook(ShutdownHooks.java:38)
	at org.gradle.process.internal.DefaultExecHandle.setEndStateInfo(DefaultExecHandle.java:209)
	at org.gradle.process.internal.DefaultExecHandle.aborted(DefaultExecHandle.java:393)
	at org.gradle.process.internal.ExecHandleRunner.completed(ExecHandleRunner.java:132)
	at org.gradle.process.internal.ExecHandleRunner.lambda$run$2(ExecHandleRunner.java:97)
	at org.gradle.internal.operations.CurrentBuildOperationRef.with(CurrentBuildOperationRef.java:84)
	at org.gradle.process.internal.ExecHandleRunner.run(ExecHandleRunner.java:95)
	at org.gradle.internal.concurrent.ExecutorPolicy$CatchAndRecordFailures.onExecute(ExecutorPolicy.java:64)
	at org.gradle.internal.concurrent.AbstractManagedExecutor$1.run(AbstractManagedExecutor.java:47)
	at java.base/java.util.concurrent.ThreadPoolExecutor.runWorker(ThreadPoolExecutor.java:1144)
	at java.base/java.util.concurrent.ThreadPoolExecutor$Worker.run(ThreadPoolExecutor.java:642)
	at java.base/java.lang.Thread.run(Thread.java:1583)
